make all --print-data-base --no-builtin-variables --no-builtin-rules --question
# GNU Make 4.1
# Built for x86_64-pc-linux-gnu
# Copyright (C) 1988-2014 Free Software Foundation, Inc.
# License GPLv3+: GNU GPL version 3 or later <http://gnu.org/licenses/gpl.html>
# This is free software: you are free to change and redistribute it.
# There is NO WARRANTY, to the extent permitted by law.

# Make data base, printed on Mon Jun 28 14:25:50 2021

# Variables

# 'override' directive
GNUMAKEFLAGS := 
# automatic
<D = $(patsubst %/,%,$(dir $<))
# makefile (from 'Makefile', line 81)
PREFIX = arm-none-eabi-
# automatic
?F = $(notdir $?)
# environment
PAPERSIZE = letter
# environment
DESKTOP_SESSION = ubuntu
# default
.SHELLFLAGS := -c
# makefile (from 'Makefile', line 157)
LDSCRIPT = STM32F446RETx_FLASH.ld
# environment
XDG_SESSION_TYPE = x11
# environment
VSCODE_LOG_NATIVE = false
# makefile (from 'Makefile', line 16)
TARGET = STM32F446RE_RF_WSN
# automatic
?D = $(patsubst %/,%,$(dir $?))
# environment
IM_CONFIG_PHASE = 2
# makefile (from 'Makefile', line 115)
AS_DEFS = 
# makefile (from 'Makefile', line 124)
AS_INCLUDES = -ICore/Inc
# automatic
@D = $(patsubst %/,%,$(dir $@))
# environment
XAUTHORITY = /run/user/1000/gdm/Xauthority
# environment
GDMSESSION = ubuntu
# environment
XMODIFIERS = @im=ibus
# makefile
CURDIR := /mnt/Storage/Development/Workspace/STM32F446RE_RF_WSN/STM32F446RE_RF_WSN
# makefile
SHELL = /bin/sh
# makefile (from 'Makefile', line 96)
BIN = $(CP) -O binary -S
# environment
VSCODE_NLS_CONFIG = {"locale":"en-us","availableLanguages":{},"_languagePackSupport":true}
# makefile (from 'Makefile', line 93)
SZ = $(PREFIX)size
# environment
_ = /usr/share/code/code
# makefile (from 'Makefile', line 150)
CFLAGS = $(MCU) $(C_DEFS) $(C_INCLUDES) $(OPT) -Wall -fdata-sections -ffunction-sections -g -gdwarf-2 -MMD -MP -MF"$(@:%.o=%.d)"
# environment
JOURNAL_STREAM = 9:39794
# environment
XDG_CONFIG_DIRS = /etc/xdg/xdg-ubuntu:/etc/xdg
# makefile (from 'build/stm32f4xx_hal_dma_ex.d', line 1)
MAKEFILE_LIST :=  Makefile build/timers.d build/system_stm32f4xx.d build/stm32f4xx_hal_flash_ramfunc.d build/stm32f4xx_hal_pwr.d build/cmsis_os.d build/freertos.d build/stm32f4xx_hal_pwr_ex.d build/main.d build/heap_4.d build/stm32f4xx_hal_rcc_ex.d build/stream_buffer.d build/stm32f4xx_hal_tim_ex.d build/tasks.d build/queue.d build/stm32f4xx_hal_tim.d build/stm32f4xx_hal_uart.d build/stm32f4xx_hal_i2c_ex.d build/croutine.d build/stm32f4xx_hal_gpio.d build/list.d build/stm32f4xx_hal_msp.d build/stm32f4xx_hal_rcc.d build/stm32f4xx_hal.d build/stm32f4xx_hal_dma.d build/port.d build/stm32f4xx_hal_exti.d build/stm32f4xx_it.d build/event_groups.d build/stm32f4xx_hal_flash.d build/startup_stm32f446xx.d build/stm32f4xx_hal_cortex.d build/stm32f4xx_hal_i2c.d build/stm32f4xx_hal_flash_ex.d build/stm32f4xx_hal_dma_ex.d
# automatic
@F = $(notdir $@)
# makefile (from 'Makefile', line 92)
CP = $(PREFIX)objcopy
# environment
GIO_LAUNCHED_DESKTOP_FILE = /usr/share/applications/code.desktop
# makefile (from 'Makefile', line 23)
DEBUG = 1
# environment
USERNAME = chips
# environment
MAKELEVEL := 0
# environment
MANDATORY_PATH = /usr/share/gconf/ubuntu.mandatory.path
# environment
XDG_DATA_DIRS = /usr/share/ubuntu:/usr/local/share/:/usr/share/:/var/lib/snapd/desktop
# environment
DBUS_SESSION_BUS_ADDRESS = unix:path=/run/user/1000/bus,guid=714fdfcaefbd44548d362c7e60da3c74
# environment
VSCODE_VERBOSE_LOGGING = true
# makefile (from 'Makefile', line 91)
AS = $(PREFIX)gcc -x assembler-with-cpp
# environment
MANAGERPID = 1592
# environment
CLUTTER_IM_MODULE = xim
# environment
VSCODE_IPC_HOOK_EXTHOST = /run/user/1000/vscode-ipc-f246508e-35c7-4c27-95f9-f6161bce9a7d.sock
# environment
LC_NAME = en_US.UTF-8
# environment
VSCODE_CWD = /home/chips
# default
MAKE_HOST := x86_64-pc-linux-gnu
# environment
PATH = /home/chips/.cargo/bin:/usr/local/sbin:/usr/local/bin:/usr/sbin:/usr/bin:/sbin:/bin:/usr/games:/usr/local/games:/snap/bin
# environment
GPG_AGENT_INFO = /run/user/1000/gnupg/S.gpg-agent:0:1
# environment
ARM_GCC = /usr/bin/gcc-arm-none-eabi-6-2017-q2-update/
# environment
SESSION_MANAGER = local/chips-desktop:@/tmp/.ICE-unix/1775,unix/chips-desktop:/tmp/.ICE-unix/1775
# environment
XDG_RUNTIME_DIR = /run/user/1000
# environment
TEXTDOMAIN = im-config
# environment
KICAD_PATH = /usr/share/kicad
# environment
XDG_MENU_PREFIX = gnome-
# environment
VSCODE_LOG_STACK = false
# environment
VSCODE_CRASH_REPORTER_START_OPTIONS = {"companyName":"Microsoft","productName":"VSCode","submitURL":"appcenter://code?aid=fba07a4d-84bd-4fc8-a125-9640fc8ce171&uid=ba0f8393-2cb8-481d-95b9-134865011f05&iid=ba0f8393-2cb8-481d-95b9-134865011f05&sid=ba0f8393-2cb8-481d-95b9-134865011f05","uploadToServer":true}
# environment
INVOCATION_ID = 4058525ec3574e9ab493110609d81680
# makefile (from 'Makefile', line 162)
LDFLAGS = $(MCU) -specs=nano.specs -T$(LDSCRIPT) $(LIBDIR) $(LIBS) -Wl,-Map=$(BUILD_DIR)/$(TARGET).map,--cref -Wl,--gc-sections
# default
.FEATURES := target-specific order-only second-expansion else-if shortest-stem undefine oneshell archives jobserver output-sync check-symlink load
# environment
LS_COLORS = 
# environment
XDG_SESSION_DESKTOP = ubuntu
# environment
SSH_AUTH_SOCK = /run/user/1000/keyring/ssh
# environment
GIO_LAUNCHED_DESKTOP_FILE_PID = 4252
# automatic
%F = $(notdir $%)
# environment
DISPLAY = :0
# makefile (from 'Makefile', line 74)
ASM_SOURCES = startup_stm32f446xx.s
# makefile (from 'Makefile', line 25)
OPT = -Og
# environment
GTK_IM_MODULE = ibus
# environment
VSCODE_PIPE_LOGGING = true
# environment
PWD = /mnt/Storage/Development/Workspace/STM32F446RE_RF_WSN/STM32F446RE_RF_WSN
# environment
XDG_SEAT = seat0
# environment
SSH_AGENT_PID = 1877
# environment
ORIGINAL_XDG_CURRENT_DESKTOP = ubuntu:GNOME
# environment
GTK_MODULES = gail:atk-bridge
# environment
VSCODE_AMD_ENTRYPOINT = vs/workbench/services/extensions/node/extensionHostProcess
# environment
HOME = /home/chips
# environment
LOGNAME = chips
# environment
APPLICATION_INSIGHTS_NO_DIAGNOSTIC_CHANNEL = true
# automatic
+F = $(notdir $+)
# environment
ZSH = /home/chips/.oh-my-zsh
# environment
VSCODE_HANDLES_UNCAUGHT_ERRORS = true
# default
MAKE_VERSION := 4.1
# environment
GNOME_DESKTOP_SESSION_ID = this-is-deprecated
# automatic
^D = $(patsubst %/,%,$(dir $^))
# environment
XDG_VTNR = 1
# makefile (from 'Makefile', line 118)
C_DEFS = -DUSE_HAL_DRIVER -DSTM32F446xx
# environment
LC_TIME = en_US.UTF-8
# makefile (from 'Makefile', line 128)
C_INCLUDES = -ICore/Inc -IDrivers/STM32F4xx_HAL_Driver/Inc -IDrivers/STM32F4xx_HAL_Driver/Inc/Legacy -IMiddlewares/Third_Party/FreeRTOS/Source/include -IMiddlewares/Third_Party/FreeRTOS/Source/CMSIS_RTOS -IMiddlewares/Third_Party/FreeRTOS/Source/portable/GCC/ARM_CM4F -IDrivers/CMSIS/Device/ST/STM32F4xx/Include -IDrivers/CMSIS/Include
# default
MAKE = $(MAKE_COMMAND)
# default
MAKECMDGOALS := all
# environment
QT_IM_MODULE = ibus
# environment
SHLVL = 0
# makefile (from 'Makefile', line 108)
FLOAT-ABI = -mfloat-abi=hard
# makefile (from 'Makefile', line 95)
HEX = $(CP) -O ihex
# makefile (from 'Makefile', line 90)
CC = $(PREFIX)gcc
# environment
GNOME_SHELL_SESSION_MODE = ubuntu
# makefile (from 'Makefile', line 32)
BUILD_DIR = build
# makefile (from 'Makefile', line 140)
ASFLAGS = $(MCU) $(AS_DEFS) $(AS_INCLUDES) $(OPT) -Wall -fdata-sections -ffunction-sections
# environment
XDG_SESSION_ID = 1
# environment
USER = chips
# environment
LC_MONETARY = en_US.UTF-8
# makefile
.DEFAULT_GOAL := all
# environment
XDG_CURRENT_DESKTOP = Unity
# environment
LESS = -R
# automatic
%D = $(patsubst %/,%,$(dir $%))
# makefile (from 'Makefile', line 102)
CPU = -mcpu=cortex-m4
# environment
LC_TELEPHONE = en_US.UTF-8
# makefile (from 'Makefile', line 105)
FPU = -mfpu=fpv4-sp-d16
# environment
LSCOLORS = Gxfxcxdxbxegedabagacad
# default
MAKE_COMMAND := make
# environment
VSCODE_NODE_CACHED_DATA_DIR = /home/chips/.config/Code/CachedData/507ce72a4466fbb27b715c3722558bb15afa9f48
# environment
OLDPWD = /home/chips
# makefile (from 'Makefile', line 161)
LIBDIR = 
# default
.VARIABLES := 
# automatic
*F = $(notdir $*)
# environment
LANGUAGE = en_US:en
# environment
VSCODE_IPC_HOOK = /run/user/1000/vscode-477880e8-1.57.1-main.sock
# makefile
MAKEFLAGS = pqrR
# environment
MFLAGS = -pqrR
# automatic
*D = $(patsubst %/,%,$(dir $*))
# environment
BREAKPAD_DUMP_LOCATION = /home/chips/.config/Code/exthost Crash Reports
# automatic
+D = $(patsubst %/,%,$(dir $+))
# environment
GDK_BACKEND = x11
# environment
LC_PAPER = en_US.UTF-8
# environment
QT_ACCESSIBILITY = 1
# makefile (from 'Makefile', line 111)
MCU = $(CPU) -mthumb $(FPU) $(FLOAT-ABI)
# environment
DEFAULTS_PATH = /usr/share/gconf/ubuntu.default.path
# environment
TEXTDOMAINDIR = /usr/share/locale/
# default
MAKEFILES := 
# environment
LC_NUMERIC = en_US.UTF-8
# automatic
<F = $(notdir $<)
# environment
ELECTRON_RUN_AS_NODE = 1
# environment
LC_MEASUREMENT = en_US.UTF-8
# environment
PAGER = less
# environment
LC_ALL = C
# environment
 
DBUS_STARTER_BUS_TYPE = session
# environment
QT4_IM_MODULE = xim
# makefile (from 'Makefile', line 160)
LIBS = -lc -lm -lnosys 
# automatic
^F = $(notdir $^)
# makefile (from 'Makefile', line 38)
C_SOURCES = Core/Src/main.c Core/Src/freertos.c Core/Src/stm32f4xx_it.c Core/Src/stm32f4xx_hal_msp.c Drivers/STM32F4xx_HAL_Driver/Src/stm32f4xx_hal_rcc.c Drivers/STM32F4xx_HAL_Driver/Src/stm32f4xx_hal_rcc_ex.c Drivers/STM32F4xx_HAL_Driver/Src/stm32f4xx_hal_flash.c Drivers/STM32F4xx_HAL_Driver/Src/stm32f4xx_hal_flash_ex.c Drivers/STM32F4xx_HAL_Driver/Src/stm32f4xx_hal_flash_ramfunc.c Drivers/STM32F4xx_HAL_Driver/Src/stm32f4xx_hal_gpio.c Drivers/STM32F4xx_HAL_Driver/Src/stm32f4xx_hal_dma_ex.c Drivers/STM32F4xx_HAL_Driver/Src/stm32f4xx_hal_dma.c Drivers/STM32F4xx_HAL_Driver/Src/stm32f4xx_hal_pwr.c Drivers/STM32F4xx_HAL_Driver/Src/stm32f4xx_hal_pwr_ex.c Drivers/STM32F4xx_HAL_Driver/Src/stm32f4xx_hal_cortex.c Drivers/STM32F4xx_HAL_Driver/Src/stm32f4xx_hal.c Drivers/STM32F4xx_HAL_Driver/Src/stm32f4xx_hal_exti.c Drivers/STM32F4xx_HAL_Driver/Src/stm32f4xx_hal_i2c.c Drivers/STM32F4xx_HAL_Driver/Src/stm32f4xx_hal_i2c_ex.c Drivers/STM32F4xx_HAL_Driver/Src/stm32f4xx_hal_tim.c Drivers/STM32F4xx_HAL_Driver/Src/stm32f4xx_hal_tim_ex.c Drivers/STM32F4xx_HAL_Driver/Src/stm32f4xx_hal_uart.c Core/Src/system_stm32f4xx.c Middlewares/Third_Party/FreeRTOS/Source/croutine.c Middlewares/Third_Party/FreeRTOS/Source/event_groups.c Middlewares/Third_Party/FreeRTOS/Source/list.c Middlewares/Third_Party/FreeRTOS/Source/queue.c Middlewares/Third_Party/FreeRTOS/Source/stream_buffer.c Middlewares/Third_Party/FreeRTOS/Source/tasks.c Middlewares/Third_Party/FreeRTOS/Source/timers.c Middlewares/Third_Party/FreeRTOS/Source/CMSIS_RTOS/cmsis_os.c Middlewares/Third_Party/FreeRTOS/Source/portable/MemMang/heap_4.c Middlewares/Third_Party/FreeRTOS/Source/portable/GCC/ARM_CM4F/port.c
# default
SUFFIXES := 
# environment
KIGITHUB = https://github.com/KiCad
# environment
CHROME_DESKTOP = code-url-handler.desktop
# environment
WINDOWPATH = 1
# default
.INCLUDE_DIRS = /usr/include /usr/local/include /usr/include
# environment
LC_IDENTIFICATION = en_US.UTF-8
# default
.RECIPEPREFIX := 
# makefile (from 'Makefile', line 175)
OBJECTS = $(addprefix $(BUILD_DIR)/,$(notdir $(C_SOURCES:.c=.o))) $(addprefix $(BUILD_DIR)/,$(notdir $(ASM_SOURCES:.s=.o)))
# environment
LC_ADDRESS = en_US.UTF-8
# environment
LANG = C
# environment
VSCODE_PID = 4252
# environment
DBUS_STARTER_ADDRESS = unix:path=/run/user/1000/bus,guid=714fdfcaefbd44548d362c7e60da3c74
# variable set hash-table stats:
# Load=152/1024=15%, Rehash=0, Collisions=27/280=10%

# Pattern-specific Variable Values

# No pattern-specific variable values.

# Directories

# . (device 2065, inode 284836): 14 files, no impossibilities.
# Middlewares/Third_Party/FreeRTOS/Source/portable/GCC/ARM_CM4F (device 2065, inode 287340): 4 files, no impossibilities.
# build (device 2065, inode 188523): 107 files, no impossibilities.
# Middlewares/Third_Party/FreeRTOS/Source (device 2065, inode 287310): 15 files, no impossibilities.
# Middlewares/Third_Party/FreeRTOS/Source/CMSIS_RTOS (device 2065, inode 287311): 4 files, no impossibilities.
# Middlewares/Third_Party/FreeRTOS/Source/portable/MemMang (device 2065, inode 287343): 7 files, no impossibilities.
# Core/Src (device 2065, inode 284853): 8 files, no impossibilities.
# Drivers/STM32F4xx_HAL_Driver/Src (device 2065, inode 286972): 96 files, no impossibilities.

# 255 files, no impossibilities in 8 directories.

# Implicit Rules

build/%.o: %.c Makefile | build
#  recipe to execute (from 'Makefile', line 179):
	$(CC) -c $(CFLAGS) -Wa,-a,-ad,-alms=$(BUILD_DIR)/$(notdir $(<:.c=.lst)) $< -o $@

build/%.o: %.s Makefile | build
#  recipe to execute (from 'Makefile', line 182):
	$(AS) -c $(CFLAGS) $< -o $@

build/%.hex: build/%.elf | build
#  recipe to execute (from 'Makefile', line 189):
	$(HEX) $< $@
	

build/%.bin: build/%.elf | build
#  recipe to execute (from 'Makefile', line 192):
	$(BIN) $< $@	
	

# 4 implicit rules, 0 (0.0%) terminal.

# Files

Middlewares/Third_Party/FreeRTOS/Source/include/FreeRTOS.h:
#  Implicit rule search has been done.
#  Last modified 2021-06-11 13:45:30.8049254
#  File has been updated.
#  Successfully updated.

build/stm32f4xx_hal_pwr_ex.o: Drivers/STM32F4xx_HAL_Driver/Src/stm32f4xx_hal_pwr_ex.c Makefile Drivers/STM32F4xx_HAL_Driver/Src/stm32f4xx_hal_pwr_ex.c Drivers/STM32F4xx_HAL_Driver/Inc/stm32f4xx_hal.h Core/Inc/stm32f4xx_hal_conf.h Drivers/STM32F4xx_HAL_Driver/Inc/stm32f4xx_hal_rcc.h Drivers/STM32F4xx_HAL_Driver/Inc/stm32f4xx_hal_def.h Drivers/CMSIS/Device/ST/STM32F4xx/Include/stm32f4xx.h Drivers/CMSIS/Device/ST/STM32F4xx/Include/stm32f446xx.h Drivers/CMSIS/Include/core_cm4.h Drivers/CMSIS/Include/cmsis_version.h Drivers/CMSIS/Include/cmsis_compiler.h Drivers/CMSIS/Include/cmsis_gcc.h Drivers/CMSIS/Include/mpu_armv7.h Drivers/CMSIS/Device/ST/STM32F4xx/Include/system_stm32f4xx.h Drivers/STM32F4xx_HAL_Driver/Inc/Legacy/stm32_hal_legacy.h Drivers/STM32F4xx_HAL_Driver/Inc/stm32f4xx_hal_rcc_ex.h Drivers/STM32F4xx_HAL_Driver/Inc/stm32f4xx_hal_gpio.h Drivers/STM32F4xx_HAL_Driver/Inc/stm32f4xx_hal_gpio_ex.h Drivers/STM32F4xx_HAL_Driver/Inc/stm32f4xx_hal_exti.h Drivers/STM32F4xx_HAL_Driver/Inc/stm32f4xx_hal_dma.h Drivers/STM32F4xx_HAL_Driver/Inc/stm32f4xx_hal_dma_ex.h Drivers/STM32F4xx_HAL_Driver/Inc/stm32f4xx_hal_cortex.h Drivers/STM32F4xx_HAL_Driver/Inc/stm32f4xx_hal_flash.h Drivers/STM32F4xx_HAL_Driver/Inc/stm32f4xx_hal_flash_ex.h Drivers/STM32F4xx_HAL_Driver/Inc/stm32f4xx_hal_flash_ramfunc.h Drivers/STM32F4xx_HAL_Driver/Inc/stm32f4xx_hal_i2c.h Drivers/STM32F4xx_HAL_Driver/Inc/stm32f4xx_hal_i2c_ex.h Drivers/STM32F4xx_HAL_Driver/Inc/stm32f4xx_hal_pwr.h Drivers/STM32F4xx_HAL_Driver/Inc/stm32f4xx_hal_pwr_ex.h Drivers/STM32F4xx_HAL_Driver/Inc/stm32f4xx_hal_uart.h | build
#  Implicit rule search has been done.
#  Implicit/static pattern stem: 'stm32f4xx_hal_pwr_ex'
#  Last modified 2021-06-16 12:07:16.4352231
#  File has been updated.
#  Successfully updated.
#  recipe to execute (from 'Makefile', line 179):
	$(CC) -c $(CFLAGS) -Wa,-a,-ad,-alms=$(BUILD_DIR)/$(notdir $(<:.c=.lst)) $< -o $@

build/stm32f4xx_hal_flash.o: Drivers/STM32F4xx_HAL_Driver/Src/stm32f4xx_hal_flash.c Makefile Drivers/STM32F4xx_HAL_Driver/Src/stm32f4xx_hal_flash.c Drivers/STM32F4xx_HAL_Driver/Inc/stm32f4xx_hal.h Core/Inc/stm32f4xx_hal_conf.h Drivers/STM32F4xx_HAL_Driver/Inc/stm32f4xx_hal_rcc.h Drivers/STM32F4xx_HAL_Driver/Inc/stm32f4xx_hal_def.h Drivers/CMSIS/Device/ST/STM32F4xx/Include/stm32f4xx.h Drivers/CMSIS/Device/ST/STM32F4xx/Include/stm32f446xx.h Drivers/CMSIS/Include/core_cm4.h Drivers/CMSIS/Include/cmsis_version.h Drivers/CMSIS/Include/cmsis_compiler.h Drivers/CMSIS/Include/cmsis_gcc.h Drivers/CMSIS/Include/mpu_armv7.h Drivers/CMSIS/Device/ST/STM32F4xx/Include/system_stm32f4xx.h Drivers/STM32F4xx_HAL_Driver/Inc/Legacy/stm32_hal_legacy.h Drivers/STM32F4xx_HAL_Driver/Inc/stm32f4xx_hal_rcc_ex.h Drivers/STM32F4xx_HAL_Driver/Inc/stm32f4xx_hal_gpio.h Drivers/STM32F4xx_HAL_Driver/Inc/stm32f4xx_hal_gpio_ex.h Drivers/STM32F4xx_HAL_Driver/Inc/stm32f4xx_hal_exti.h Drivers/STM32F4xx_HAL_Driver/Inc/stm32f4xx_hal_dma.h Drivers/STM32F4xx_HAL_Driver/Inc/stm32f4xx_hal_dma_ex.h Drivers/STM32F4xx_HAL_Driver/Inc/stm32f4xx_hal_cortex.h Drivers/STM32F4xx_HAL_Driver/Inc/stm32f4xx_hal_flash.h Drivers/STM32F4xx_HAL_Driver/Inc/stm32f4xx_hal_flash_ex.h Drivers/STM32F4xx_HAL_Driver/Inc/stm32f4xx_hal_flash_ramfunc.h Drivers/STM32F4xx_HAL_Driver/Inc/stm32f4xx_hal_i2c.h Drivers/STM32F4xx_HAL_Driver/Inc/stm32f4xx_hal_i2c_ex.h Drivers/STM32F4xx_HAL_Driver/Inc/stm32f4xx_hal_pwr.h Drivers/STM32F4xx_HAL_Driver/Inc/stm32f4xx_hal_pwr_ex.h Drivers/STM32F4xx_HAL_Driver/Inc/stm32f4xx_hal_uart.h | build
#  Implicit rule search has been done.
#  Implicit/static pattern stem: 'stm32f4xx_hal_flash'
#  Last modified 2021-06-16 12:07:15.4924198
#  File has been updated.
#  Successfully updated.
#  recipe to execute (from 'Makefile', line 179):
	$(CC) -c $(CFLAGS) -Wa,-a,-ad,-alms=$(BUILD_DIR)/$(notdir $(<:.c=.lst)) $< -o $@

Middlewares/Third_Party/FreeRTOS/Source/include/portable.h:
#  Implicit rule search has been done.
#  Last modified 2021-06-11 13:45:30.8085664
#  File has been updated.
#  Successfully updated.

# Not a target:
Middlewares/Third_Party/FreeRTOS/Source/stream_buffer.c:
#  Implicit rule search has been done.
#  Last modified 2021-06-11 13:45:30.8212838
#  File has been updated.
#  Successfully updated.

# Not a target:
build/stm32f4xx_hal_exti.d:
#  Implicit rule search has been done.
#  Last modified 2021-06-16 12:07:16.7413166
#  File has been updated.
#  Successfully updated.

# Not a target:
Middlewares/Third_Party/FreeRTOS/Source/queue.c:
#  Implicit rule search has been done.
#  Last modified 2021-06-11 13:45:30.8199176
#  File has been updated.
#  Successfully updated.

# Not a target:
Drivers/STM32F4xx_HAL_Driver/Src/stm32f4xx_hal_uart.c:
#  Implicit rule search has been done.
#  Last modified 2021-06-15 19:02:27.7351609
#  File has been updated.
#  Successfully updated.

Drivers/CMSIS/Device/ST/STM32F4xx/Include/stm32f446xx.h:
#  Implicit rule search has been done.
#  Last modified 2021-06-11 13:45:29.8828313
#  File has been updated.
#  Successfully updated.

# Not a target:
build/stm32f4xx_hal_flash_ramfunc.d:
#  Implicit rule search has been done.
#  Last modified 2021-06-16 12:07:15.7449206
#  File has been updated.
#  Successfully updated.

# Not a target:
Drivers/STM32F4xx_HAL_Driver/Src/stm32f4xx_hal_gpio.c:
#  Implicit rule search has been done.
#  Last modified 2021-06-11 13:45:30.755756
#  File has been updated.
#  Successfully updated.

build/main.o: Core/Src/main.c Makefile Core/Src/main.c Core/Inc/main.h Drivers/STM32F4xx_HAL_Driver/Inc/stm32f4xx_hal.h Core/Inc/stm32f4xx_hal_conf.h Drivers/STM32F4xx_HAL_Driver/Inc/stm32f4xx_hal_rcc.h Drivers/STM32F4xx_HAL_Driver/Inc/stm32f4xx_hal_def.h Drivers/CMSIS/Device/ST/STM32F4xx/Include/stm32f4xx.h Drivers/CMSIS/Device/ST/STM32F4xx/Include/stm32f446xx.h Drivers/CMSIS/Include/core_cm4.h Drivers/CMSIS/Include/cmsis_version.h Drivers/CMSIS/Include/cmsis_compiler.h Drivers/CMSIS/Include/cmsis_gcc.h Drivers/CMSIS/Include/mpu_armv7.h Drivers/CMSIS/Device/ST/STM32F4xx/Include/system_stm32f4xx.h Drivers/STM32F4xx_HAL_Driver/Inc/Legacy/stm32_hal_legacy.h Drivers/STM32F4xx_HAL_Driver/Inc/stm32f4xx_hal_rcc_ex.h Drivers/STM32F4xx_HAL_Driver/Inc/stm32f4xx_hal_gpio.h Drivers/STM32F4xx_HAL_Driver/Inc/stm32f4xx_hal_gpio_ex.h Drivers/STM32F4xx_HAL_Driver/Inc/stm32f4xx_hal_exti.h Drivers/STM32F4xx_HAL_Driver/Inc/stm32f4xx_hal_dma.h Drivers/STM32F4xx_HAL_Driver/Inc/stm32f4xx_hal_dma_ex.h Drivers/STM32F4xx_HAL_Driver/Inc/stm32f4xx_hal_cortex.h Drivers/STM32F4xx_HAL_Driver/Inc/stm32f4xx_hal_flash.h Drivers/STM32F4xx_HAL_Driver/Inc/stm32f4xx_hal_flash_ex.h Drivers/STM32F4xx_HAL_Driver/Inc/stm32f4xx_hal_flash_ramfunc.h Drivers/STM32F4xx_HAL_Driver/Inc/stm32f4xx_hal_i2c.h Drivers/STM32F4xx_HAL_Driver/Inc/stm32f4xx_hal_i2c_ex.h Drivers/STM32F4xx_HAL_Driver/Inc/stm32f4xx_hal_pwr.h Drivers/STM32F4xx_HAL_Driver/Inc/stm32f4xx_hal_pwr_ex.h Drivers/STM32F4xx_HAL_Driver/Inc/stm32f4xx_hal_uart.h Middlewares/Third_Party/FreeRTOS/Source/CMSIS_RTOS/cmsis_os.h Middlewares/Third_Party/FreeRTOS/Source/include/FreeRTOS.h Core/Inc/FreeRTOSConfig.h Middlewares/Third_Party/FreeRTOS/Source/include/projdefs.h Middlewares/Third_Party/FreeRTOS/Source/include/portable.h Middlewares/Third_Party/FreeRTOS/Source/include/deprecated_definitions.h Middlewares/Third_Party/FreeRTOS/Source/portable/GCC/ARM_CM4F/portmacro.h Middlewares/Third_Party/FreeRTOS/Source/include/mpu_wrappers.h Middlewares/Third_Party/FreeRTOS/Source/include/task.h Middlewares/Third_Party/FreeRTOS/Source/include/list.h Middlewares/Third_Party/FreeRTOS/Source/include/timers.h Middlewares/Third_Party/FreeRTOS/Source/include/task.h Middlewares/Third_Party/FreeRTOS/Source/include/queue.h Middlewares/Third_Party/FreeRTOS/Source/include/semphr.h Middlewares/Third_Party/FreeRTOS/Source/include/queue.h Middlewares/Third_Party/FreeRTOS/Source/include/event_groups.h Middlewares/Third_Party/FreeRTOS/Source/include/timers.h | build
#  Implicit rule search has been done.
#  Implicit/static pattern stem: 'main'
#  Last modified 2021-06-28 14:09:05.6929027
#  File has been updated.
#  Successfully updated.
#  recipe to execute (from 'Makefile', line 179):
	$(CC) -c $(CFLAGS) -Wa,-a,-ad,-alms=$(BUILD_DIR)/$(notdir $(<:.c=.lst)) $< -o $@

build/stm32f4xx_hal_cortex.o: Drivers/STM32F4xx_HAL_Driver/Src/stm32f4xx_hal_cortex.c Makefile Drivers/STM32F4xx_HAL_Driver/Src/stm32f4xx_hal_cortex.c Drivers/STM32F4xx_HAL_Driver/Inc/stm32f4xx_hal.h Core/Inc/stm32f4xx_hal_conf.h Drivers/STM32F4xx_HAL_Driver/Inc/stm32f4xx_hal_rcc.h Drivers/STM32F4xx_HAL_Driver/Inc/stm32f4xx_hal_def.h Drivers/CMSIS/Device/ST/STM32F4xx/Include/stm32f4xx.h Drivers/CMSIS/Device/ST/STM32F4xx/Include/stm32f446xx.h Drivers/CMSIS/Include/core_cm4.h Drivers/CMSIS/Include/cmsis_version.h Drivers/CMSIS/Include/cmsis_compiler.h Drivers/CMSIS/Include/cmsis_gcc.h Drivers/CMSIS/Include/mpu_armv7.h Drivers/CMSIS/Device/ST/STM32F4xx/Include/system_stm32f4xx.h Drivers/STM32F4xx_HAL_Driver/Inc/Legacy/stm32_hal_legacy.h Drivers/STM32F4xx_HAL_Driver/Inc/stm32f4xx_hal_rcc_ex.h Drivers/STM32F4xx_HAL_Driver/Inc/stm32f4xx_hal_gpio.h Drivers/STM32F4xx_HAL_Driver/Inc/stm32f4xx_hal_gpio_ex.h Drivers/STM32F4xx_HAL_Driver/Inc/stm32f4xx_hal_exti.h Drivers/STM32F4xx_HAL_Driver/Inc/stm32f4xx_hal_dma.h Drivers/STM32F4xx_HAL_Driver/Inc/stm32f4xx_hal_dma_ex.h Drivers/STM32F4xx_HAL_Driver/Inc/stm32f4xx_hal_cortex.h Drivers/STM32F4xx_HAL_Driver/Inc/stm32f4xx_hal_flash.h Drivers/STM32F4xx_HAL_Driver/Inc/stm32f4xx_hal_flash_ex.h Drivers/STM32F4xx_HAL_Driver/Inc/stm32f4xx_hal_flash_ramfunc.h Drivers/STM32F4xx_HAL_Driver/Inc/stm32f4xx_hal_i2c.h Drivers/STM32F4xx_HAL_Driver/Inc/stm32f4xx_hal_i2c_ex.h Drivers/STM32F4xx_HAL_Driver/Inc/stm32f4xx_hal_pwr.h Drivers/STM32F4xx_HAL_Driver/Inc/stm32f4xx_hal_pwr_ex.h Drivers/STM32F4xx_HAL_Driver/Inc/stm32f4xx_hal_uart.h | build
#  Implicit rule search has been done.
#  Implicit/static pattern stem: 'stm32f4xx_hal_cortex'
#  Last modified 2021-06-16 12:07:16.5512652
#  File has been updated.
#  Successfully updated.
#  recipe to execute (from 'Makefile', line 179):
	$(CC) -c $(CFLAGS) -Wa,-a,-ad,-alms=$(BUILD_DIR)/$(notdir $(<:.c=.lst)) $< -o $@

Drivers/CMSIS/Include/cmsis_version.h:
#  Implicit rule search has been done.
#  Last modified 2021-06-11 13:45:29.9431226
#  File has been updated.
#  Successfully updated.

all: build/STM32F446RE_RF_WSN.elf build/STM32F446RE_RF_WSN.hex build/STM32F446RE_RF_WSN.bin
#  Command line target.
#  Implicit rule search has been done.
#  File does not exist.
#  File has been updated.
#  Successfully updated.

build/STM32F446RE_RF_WSN.elf: build/main.o build/freertos.o build/stm32f4xx_it.o build/stm32f4xx_hal_msp.o build/stm32f4xx_hal_rcc.o build/stm32f4xx_hal_rcc_ex.o build/stm32f4xx_hal_flash.o build/stm32f4xx_hal_flash_ex.o build/stm32f4xx_hal_flash_ramfunc.o build/stm32f4xx_hal_gpio.o build/stm32f4xx_hal_dma_ex.o build/stm32f4xx_hal_dma.o build/stm32f4xx_hal_pwr.o build/stm32f4xx_hal_pwr_ex.o build/stm32f4xx_hal_cortex.o build/stm32f4xx_hal.o build/stm32f4xx_hal_exti.o build/stm32f4xx_hal_i2c.o build/stm32f4xx_hal_i2c_ex.o build/stm32f4xx_hal_tim.o build/stm32f4xx_hal_tim_ex.o build/stm32f4xx_hal_uart.o build/system_stm32f4xx.o build/croutine.o build/event_groups.o build/list.o build/queue.o build/stream_buffer.o build/tasks.o build/timers.o build/cmsis_os.o build/heap_4.o build/port.o build/startup_stm32f446xx.o Makefile
#  Implicit rule search has not been done.
#  Last modified 2021-06-28 14:09:06.5443433
#  File has been updated.
#  Successfully updated.
#  recipe to execute (from 'Makefile', line 185):
	$(CC) $(OBJECTS) $(LDFLAGS) -o $@
	$(SZ) $@

# Not a target:
Core/Src/stm32f4xx_it.c:
#  Implicit rule search has been done.
#  Last modified 2021-06-11 21:05:52.1893396
#  File has been updated.
#  Successfully updated.

build/stm32f4xx_hal_flash_ex.o: Drivers/STM32F4xx_HAL_Driver/Src/stm32f4xx_hal_flash_ex.c Makefile Drivers/STM32F4xx_HAL_Driver/Src/stm32f4xx_hal_flash_ex.c Drivers/STM32F4xx_HAL_Driver/Inc/stm32f4xx_hal.h Core/Inc/stm32f4xx_hal_conf.h Drivers/STM32F4xx_HAL_Driver/Inc/stm32f4xx_hal_rcc.h Drivers/STM32F4xx_HAL_Driver/Inc/stm32f4xx_hal_def.h Drivers/CMSIS/Device/ST/STM32F4xx/Include/stm32f4xx.h Drivers/CMSIS/Device/ST/STM32F4xx/Include/stm32f446xx.h Drivers/CMSIS/Include/core_cm4.h Drivers/CMSIS/Include/cmsis_version.h Drivers/CMSIS/Include/cmsis_compiler.h Drivers/CMSIS/Include/cmsis_gcc.h Drivers/CMSIS/Include/mpu_armv7.h Drivers/CMSIS/Device/ST/STM32F4xx/Include/system_stm32f4xx.h Drivers/STM32F4xx_HAL_Driver/Inc/Legacy/stm32_hal_legacy.h Drivers/STM32F4xx_HAL_Driver/Inc/stm32f4xx_hal_rcc_ex.h Drivers/STM32F4xx_HAL_Driver/Inc/stm32f4xx_hal_gpio.h Drivers/STM32F4xx_HAL_Driver/Inc/stm32f4xx_hal_gpio_ex.h Drivers/STM32F4xx_HAL_Driver/Inc/stm32f4xx_hal_exti.h Drivers/STM32F4xx_HAL_Driver/Inc/stm32f4xx_hal_dma.h Drivers/STM32F4xx_HAL_Driver/Inc/stm32f4xx_hal_dma_ex.h Drivers/STM32F4xx_HAL_Driver/Inc/stm32f4xx_hal_cortex.h Drivers/STM32F4xx_HAL_Driver/Inc/stm32f4xx_hal_flash.h Drivers/STM32F4xx_HAL_Driver/Inc/stm32f4xx_hal_flash_ex.h Drivers/STM32F4xx_HAL_Driver/Inc/stm32f4xx_hal_flash_ramfunc.h Drivers/STM32F4xx_HAL_Driver/Inc/stm32f4xx_hal_i2c.h Drivers/STM32F4xx_HAL_Driver/Inc/stm32f4xx_hal_i2c_ex.h Drivers/STM32F4xx_HAL_Driver/Inc/stm32f4xx_hal_pwr.h Drivers/STM32F4xx_HAL_Driver/Inc/stm32f4xx_hal_pwr_ex.h Drivers/STM32F4xx_HAL_Driver/Inc/stm32f4xx_hal_uart.h | build
#  Implicit rule search has been done.
#  Implicit/static pattern stem: 'stm32f4xx_hal_flash_ex'
#  Last modified 2021-06-16 12:07:15.6852786
#  File has been updated.
#  Successfully updated.
#  recipe to execute (from 'Makefile', line 179):
	$(CC) -c $(CFLAGS) -Wa,-a,-ad,-alms=$(BUILD_DIR)/$(notdir $(<:.c=.lst)) $< -o $@

Drivers/CMSIS/Include/cmsis_gcc.h:
#  Implicit rule search has been done.
#  Last modified 2021-06-11 13:45:29.942723
#  File has been updated.
#  Successfully updated.

# Not a target:
Core/Src/freertos.c:
#  Implicit rule search has been done.
#  Last modified 2021-06-11 13:45:29.4384883
#  File has been updated.
#  Successfully updated.

build/heap_4.o: Middlewares/Third_Party/FreeRTOS/Source/portable/MemMang/heap_4.c Makefile Middlewares/Third_Party/FreeRTOS/Source/portable/MemMang/heap_4.c Middlewares/Third_Party/FreeRTOS/Source/include/FreeRTOS.h Core/Inc/FreeRTOSConfig.h Middlewares/Third_Party/FreeRTOS/Source/include/projdefs.h Middlewares/Third_Party/FreeRTOS/Source/include/portable.h Middlewares/Third_Party/FreeRTOS/Source/include/deprecated_definitions.h Middlewares/Third_Party/FreeRTOS/Source/portable/GCC/ARM_CM4F/portmacro.h Middlewares/Third_Party/FreeRTOS/Source/include/mpu_wrappers.h Middlewares/Third_Party/FreeRTOS/Source/include/task.h Middlewares/Third_Party/FreeRTOS/Source/include/list.h | build
#  Implicit rule search has been done.
#  Implicit/static pattern stem: 'heap_4'
#  Last modified 2021-06-16 12:07:20.6482679
#  File has been updated.
#  Successfully updated.
#  recipe to execute (from 'Makefile', line 179):
	$(CC) -c $(CFLAGS) -Wa,-a,-ad,-alms=$(BUILD_DIR)/$(notdir $(<:.c=.lst)) $< -o $@

Drivers/STM32F4xx_HAL_Driver/Inc/stm32f4xx_hal_i2c_ex.h:
#  Implicit rule search has been done.
#  Last modified 2021-06-11 13:45:30.6841507
#  File has been updated.
#  Successfully updated.

# Not a target:
build/stm32f4xx_it.d:
#  Implicit rule search has been done.
#  Last modified 2021-06-16 12:07:14.8518158
#  File has been updated.
#  Successfully updated.

# Not a target:
build/stream_buffer.d:
#  Implicit rule search has been done.
#  Last modified 2021-06-16 12:07:19.5237354
#  File has been updated.
#  Successfully updated.

# Not a target:
build/queue.d:
#  Implicit rule search has been done.
#  Last modified 2021-06-16 12:07:19.3095137
#  File has been updated.
#  Successfully updated.

build/stm32f4xx_hal_dma_ex.o: Drivers/STM32F4xx_HAL_Driver/Src/stm32f4xx_hal_dma_ex.c Makefile Drivers/STM32F4xx_HAL_Driver/Src/stm32f4xx_hal_dma_ex.c Drivers/STM32F4xx_HAL_Driver/Inc/stm32f4xx_hal.h Core/Inc/stm32f4xx_hal_conf.h Drivers/STM32F4xx_HAL_Driver/Inc/stm32f4xx_hal_rcc.h Drivers/STM32F4xx_HAL_Driver/Inc/stm32f4xx_hal_def.h Drivers/CMSIS/Device/ST/STM32F4xx/Include/stm32f4xx.h Drivers/CMSIS/Device/ST/STM32F4xx/Include/stm32f446xx.h Drivers/CMSIS/Include/core_cm4.h Drivers/CMSIS/Include/cmsis_version.h Drivers/CMSIS/Include/cmsis_compiler.h Drivers/CMSIS/Include/cmsis_gcc.h Drivers/CMSIS/Include/mpu_armv7.h Drivers/CMSIS/Device/ST/STM32F4xx/Include/system_stm32f4xx.h Drivers/STM32F4xx_HAL_Driver/Inc/Legacy/stm32_hal_legacy.h Drivers/STM32F4xx_HAL_Driver/Inc/stm32f4xx_hal_rcc_ex.h Drivers/STM32F4xx_HAL_Driver/Inc/stm32f4xx_hal_gpio.h Drivers/STM32F4xx_HAL_Driver/Inc/stm32f4xx_hal_gpio_ex.h Drivers/STM32F4xx_HAL_Driver/Inc/stm32f4xx_hal_exti.h Drivers/STM32F4xx_HAL_Driver/Inc/stm32f4xx_hal_dma.h Drivers/STM32F4xx_HAL_Driver/Inc/stm32f4xx_hal_dma_ex.h Drivers/STM32F4xx_HAL_Driver/Inc/stm32f4xx_hal_cortex.h Drivers/STM32F4xx_HAL_Driver/Inc/stm32f4xx_hal_flash.h Drivers/STM32F4xx_HAL_Driver/Inc/stm32f4xx_hal_flash_ex.h Drivers/STM32F4xx_HAL_Driver/Inc/stm32f4xx_hal_flash_ramfunc.h Drivers/STM32F4xx_HAL_Driver/Inc/stm32f4xx_hal_i2c.h Drivers/STM32F4xx_HAL_Driver/Inc/stm32f4xx_hal_i2c_ex.h Drivers/STM32F4xx_HAL_Driver/Inc/stm32f4xx_hal_pwr.h Drivers/STM32F4xx_HAL_Driver/Inc/stm32f4xx_hal_pwr_ex.h Drivers/STM32F4xx_HAL_Driver/Inc/stm32f4xx_hal_uart.h | build
#  Implicit rule search has been done.
#  Implicit/static pattern stem: 'stm32f4xx_hal_dma_ex'
#  Last modified 2021-06-16 12:07:16.0414591
 
#  File has been updated.
#  Successfully updated.
#  recipe to execute (from 'Makefile', line 179):
	$(CC) -c $(CFLAGS) -Wa,-a,-ad,-alms=$(BUILD_DIR)/$(notdir $(<:.c=.lst)) $< -o $@

Middlewares/Third_Party/FreeRTOS/Source/include/stack_macros.h:
#  Implicit rule search has been done.
#  Last modified 2021-06-11 13:45:30.8110253
#  File has been updated.
#  Successfully updated.

Middlewares/Third_Party/FreeRTOS/Source/include/projdefs.h:
#  Implicit rule search has been done.
#  Last modified 2021-06-11 13:45:30.8088474
#  File has been updated.
#  Successfully updated.

Drivers/STM32F4xx_HAL_Driver/Inc/stm32f4xx_hal_pwr.h:
#  Implicit rule search has been done.
#  Last modified 2021-06-11 13:45:30.690197
#  File has been updated.
#  Successfully updated.

# Not a target:
Drivers/STM32F4xx_HAL_Driver/Src/stm32f4xx_hal_tim.c:
#  Implicit rule search has been done.
#  Last modified 2021-06-11 13:45:30.7885088
#  File has been updated.
#  Successfully updated.

# Not a target:
build/stm32f4xx_hal_rcc_ex.d:
#  Implicit rule search has been done.
#  Last modified 2021-06-16 12:07:15.2749183
#  File has been updated.
#  Successfully updated.

build/stm32f4xx_hal_msp.o: Core/Src/stm32f4xx_hal_msp.c Makefile Core/Src/stm32f4xx_hal_msp.c Core/Inc/main.h Drivers/STM32F4xx_HAL_Driver/Inc/stm32f4xx_hal.h Core/Inc/stm32f4xx_hal_conf.h Drivers/STM32F4xx_HAL_Driver/Inc/stm32f4xx_hal_rcc.h Drivers/STM32F4xx_HAL_Driver/Inc/stm32f4xx_hal_def.h Drivers/CMSIS/Device/ST/STM32F4xx/Include/stm32f4xx.h Drivers/CMSIS/Device/ST/STM32F4xx/Include/stm32f446xx.h Drivers/CMSIS/Include/core_cm4.h Drivers/CMSIS/Include/cmsis_version.h Drivers/CMSIS/Include/cmsis_compiler.h Drivers/CMSIS/Include/cmsis_gcc.h Drivers/CMSIS/Include/mpu_armv7.h Drivers/CMSIS/Device/ST/STM32F4xx/Include/system_stm32f4xx.h Drivers/STM32F4xx_HAL_Driver/Inc/Legacy/stm32_hal_legacy.h Drivers/STM32F4xx_HAL_Driver/Inc/stm32f4xx_hal_rcc_ex.h Drivers/STM32F4xx_HAL_Driver/Inc/stm32f4xx_hal_gpio.h Drivers/STM32F4xx_HAL_Driver/Inc/stm32f4xx_hal_gpio_ex.h Drivers/STM32F4xx_HAL_Driver/Inc/stm32f4xx_hal_exti.h Drivers/STM32F4xx_HAL_Driver/Inc/stm32f4xx_hal_dma.h Drivers/STM32F4xx_HAL_Driver/Inc/stm32f4xx_hal_dma_ex.h Drivers/STM32F4xx_HAL_Driver/Inc/stm32f4xx_hal_cortex.h Drivers/STM32F4xx_HAL_Driver/Inc/stm32f4xx_hal_flash.h Drivers/STM32F4xx_HAL_Driver/Inc/stm32f4xx_hal_flash_ex.h Drivers/STM32F4xx_HAL_Driver/Inc/stm32f4xx_hal_flash_ramfunc.h Drivers/STM32F4xx_HAL_Driver/Inc/stm32f4xx_hal_i2c.h Drivers/STM32F4xx_HAL_Driver/Inc/stm32f4xx_hal_i2c_ex.h Drivers/STM32F4xx_HAL_Driver/Inc/stm32f4xx_hal_pwr.h Drivers/STM32F4xx_HAL_Driver/Inc/stm32f4xx_hal_pwr_ex.h Drivers/STM32F4xx_HAL_Driver/Inc/stm32f4xx_hal_uart.h | build
#  Implicit rule search has been done.
#  Implicit/static pattern stem: 'stm32f4xx_hal_msp'
#  Last modified 2021-06-16 12:07:14.9983298
#  File has been updated.
#  Successfully updated.
#  recipe to execute (from 'Makefile', line 179):
	$(CC) -c $(CFLAGS) -Wa,-a,-ad,-alms=$(BUILD_DIR)/$(notdir $(<:.c=.lst)) $< -o $@

# Not a target:
Drivers/STM32F4xx_HAL_Driver/Src/stm32f4xx_hal_i2c_ex.c:
#  Implicit rule search has been done.
#  Last modified 2021-06-11 13:45:30.7625384
#  File has been updated.
#  Successfully updated.

Middlewares/Third_Party/FreeRTOS/Source/include/timers.h:
#  Implicit rule search has been done.
#  Last modified 2021-06-11 13:45:30.8152087
#  File has been updated.
#  Successfully updated.

build/stm32f4xx_hal_gpio.o: Drivers/STM32F4xx_HAL_Driver/Src/stm32f4xx_hal_gpio.c Makefile Drivers/STM32F4xx_HAL_Driver/Src/stm32f4xx_hal_gpio.c Drivers/STM32F4xx_HAL_Driver/Inc/stm32f4xx_hal.h Core/Inc/stm32f4xx_hal_conf.h Drivers/STM32F4xx_HAL_Driver/Inc/stm32f4xx_hal_rcc.h Drivers/STM32F4xx_HAL_Driver/Inc/stm32f4xx_hal_def.h Drivers/CMSIS/Device/ST/STM32F4xx/Include/stm32f4xx.h Drivers/CMSIS/Device/ST/STM32F4xx/Include/stm32f446xx.h Drivers/CMSIS/Include/core_cm4.h Drivers/CMSIS/Include/cmsis_version.h Drivers/CMSIS/Include/cmsis_compiler.h Drivers/CMSIS/Include/cmsis_gcc.h Drivers/CMSIS/Include/mpu_armv7.h Drivers/CMSIS/Device/ST/STM32F4xx/Include/system_stm32f4xx.h Drivers/STM32F4xx_HAL_Driver/Inc/Legacy/stm32_hal_legacy.h Drivers/STM32F4xx_HAL_Driver/Inc/stm32f4xx_hal_rcc_ex.h Drivers/STM32F4xx_HAL_Driver/Inc/stm32f4xx_hal_gpio.h Drivers/STM32F4xx_HAL_Driver/Inc/stm32f4xx_hal_gpio_ex.h Drivers/STM32F4xx_HAL_Driver/Inc/stm32f4xx_hal_exti.h Drivers/STM32F4xx_HAL_Driver/Inc/stm32f4xx_hal_dma.h Drivers/STM32F4xx_HAL_Driver/Inc/stm32f4xx_hal_dma_ex.h Drivers/STM32F4xx_HAL_Driver/Inc/stm32f4xx_hal_cortex.h Drivers/STM32F4xx_HAL_Driver/Inc/stm32f4xx_hal_flash.h Drivers/STM32F4xx_HAL_Driver/Inc/stm32f4xx_hal_flash_ex.h Drivers/STM32F4xx_HAL_Driver/Inc/stm32f4xx_hal_flash_ramfunc.h Drivers/STM32F4xx_HAL_Driver/Inc/stm32f4xx_hal_i2c.h Drivers/STM32F4xx_HAL_Driver/Inc/stm32f4xx_hal_i2c_ex.h Drivers/STM32F4xx_HAL_Driver/Inc/stm32f4xx_hal_pwr.h Drivers/STM32F4xx_HAL_Driver/Inc/stm32f4xx_hal_pwr_ex.h Drivers/STM32F4xx_HAL_Driver/Inc/stm32f4xx_hal_uart.h | build
#  Implicit rule search has been done.
#  Implicit/static pattern stem: 'stm32f4xx_hal_gpio'
#  Last modified 2021-06-16 12:07:15.8923207
#  File has been updated.
#  Successfully updated.
#  recipe to execute (from 'Makefile', line 179):
	$(CC) -c $(CFLAGS) -Wa,-a,-ad,-alms=$(BUILD_DIR)/$(notdir $(<:.c=.lst)) $< -o $@

# Not a target:
build/startup_stm32f446xx.d:
#  Implicit rule search has been done.
#  Last modified 2021-06-16 12:07:20.7367621
#  File has been updated.
#  Successfully updated.

Drivers/STM32F4xx_HAL_Driver/Inc/stm32f4xx_hal_flash_ex.h:
#  Implicit rule search has been done.
#  Last modified 2021-06-11 13:45:30.6761266
#  File has been updated.
#  Successfully updated.

build/stm32f4xx_hal.o: Drivers/STM32F4xx_HAL_Driver/Src/stm32f4xx_hal.c Makefile Drivers/STM32F4xx_HAL_Driver/Src/stm32f4xx_hal.c Drivers/STM32F4xx_HAL_Driver/Inc/stm32f4xx_hal.h Core/Inc/stm32f4xx_hal_conf.h Drivers/STM32F4xx_HAL_Driver/Inc/stm32f4xx_hal_rcc.h Drivers/STM32F4xx_HAL_Driver/Inc/stm32f4xx_hal_def.h Drivers/CMSIS/Device/ST/STM32F4xx/Include/stm32f4xx.h Drivers/CMSIS/Device/ST/STM32F4xx/Include/stm32f446xx.h Drivers/CMSIS/Include/core_cm4.h Drivers/CMSIS/Include/cmsis_version.h Drivers/CMSIS/Include/cmsis_compiler.h Drivers/CMSIS/Include/cmsis_gcc.h Drivers/CMSIS/Include/mpu_armv7.h Drivers/CMSIS/Device/ST/STM32F4xx/Include/system_stm32f4xx.h Drivers/STM32F4xx_HAL_Driver/Inc/Legacy/stm32_hal_legacy.h Drivers/STM32F4xx_HAL_Driver/Inc/stm32f4xx_hal_rcc_ex.h Drivers/STM32F4xx_HAL_Driver/Inc/stm32f4xx_hal_gpio.h Drivers/STM32F4xx_HAL_Driver/Inc/stm32f4xx_hal_gpio_ex.h Drivers/STM32F4xx_HAL_Driver/Inc/stm32f4xx_hal_exti.h Drivers/STM32F4xx_HAL_Driver/Inc/stm32f4xx_hal_dma.h Drivers/STM32F4xx_HAL_Driver/Inc/stm32f4xx_hal_dma_ex.h Drivers/STM32F4xx_HAL_Driver/Inc/stm32f4xx_hal_cortex.h Drivers/STM32F4xx_HAL_Driver/Inc/stm32f4xx_hal_flash.h Drivers/STM32F4xx_HAL_Driver/Inc/stm32f4xx_hal_flash_ex.h Drivers/STM32F4xx_HAL_Driver/Inc/stm32f4xx_hal_flash_ramfunc.h Drivers/STM32F4xx_HAL_Driver/Inc/stm32f4xx_hal_i2c.h Drivers/STM32F4xx_HAL_Driver/Inc/stm32f4xx_hal_i2c_ex.h Drivers/STM32F4xx_HAL_Driver/Inc/stm32f4xx_hal_pwr.h Drivers/STM32F4xx_HAL_Driver/Inc/stm32f4xx_hal_pwr_ex.h Drivers/STM32F4xx_HAL_Driver/Inc/stm32f4xx_hal_uart.h | build
#  Implicit rule search has been done.
#  Implicit/static pattern stem: 'stm32f4xx_hal'
#  Last modified 2021-06-16 12:07:16.6612173
#  File has been updated.
#  Successfully updated.
#  recipe to execute (from 'Makefile', line 179):
	$(CC) -c $(CFLAGS) -Wa,-a,-ad,-alms=$(BUILD_DIR)/$(notdir $(<:.c=.lst)) $< -o $@

# Not a target:
Drivers/STM32F4xx_HAL_Driver/Src/stm32f4xx_hal_pwr.c:
#  Implicit rule search has been done.
#  Last modified 2021-06-11 13:45:30.7741717
#  File has been updated.
#  Successfully updated.

# Not a target:
build/stm32f4xx_hal_i2c.d:
#  Implicit rule search has been done.
#  Last modified 2021-06-16 12:07:17.1234824
#  File has been updated.
#  Successfully updated.

Middlewares/Third_Party/FreeRTOS/Source/include/semphr.h:
#  Implicit rule search has been done.
#  Last modified 2021-06-11 13:45:30.8107582
#  File has been updated.
#  Successfully updated.

# Not a target:
startup_stm32f446xx.s:
#  Implicit rule search has been done.
#  Last modified 2021-06-11 13:45:30.82517
#  File has been updated.
#  Successfully updated.

Drivers/STM32F4xx_HAL_Driver/Inc/stm32f4xx_hal_flash.h:
#  Implicit rule search has been done.
#  Last modified 2021-06-11 13:45:30.6750831
#  File has been updated.
#  Successfully updated.

Middlewares/Third_Party/FreeRTOS/Source/include/croutine.h:
#  Implicit rule search has been done.
#  Last modified 2021-06-11 13:45:30.8058612
#  File has been updated.
#  Successfully updated.

# Not a target:
Makefile:
#  Implicit rule search has been done.
#  Last modified 2021-06-11 21:05:52.1896021
#  File has been updated.
#  Successfully updated.

build/event_groups.o: Middlewares/Third_Party/FreeRTOS/Source/event_groups.c Makefile Middlewares/Third_Party/FreeRTOS/Source/event_groups.c Middlewares/Third_Party/FreeRTOS/Source/include/FreeRTOS.h Core/Inc/FreeRTOSConfig.h Middlewares/Third_Party/FreeRTOS/Source/include/projdefs.h Middlewares/Third_Party/FreeRTOS/Source/include/portable.h Middlewares/Third_Party/FreeRTOS/Source/include/deprecated_definitions.h Middlewares/Third_Party/FreeRTOS/Source/portable/GCC/ARM_CM4F/portmacro.h Middlewares/Third_Party/FreeRTOS/Source/include/mpu_wrappers.h Middlewares/Third_Party/FreeRTOS/Source/include/task.h Middlewares/Third_Party/FreeRTOS/Source/include/list.h Middlewares/Third_Party/FreeRTOS/Source/include/timers.h Middlewares/Third_Party/FreeRTOS/Source/include/task.h Middlewares/Third_Party/FreeRTOS/Source/include/event_groups.h Middlewares/Third_Party/FreeRTOS/Source/include/timers.h | build
#  Implicit rule search has been done.
#  Implicit/static pattern stem: 'event_groups'
#  Last modified 2021-06-16 12:07:19.1094875
#  File has been updated.
#  Successfully updated.
#  recipe to execute (from 'Makefile', line 179):
	$(CC) -c $(CFLAGS) -Wa,-a,-ad,-alms=$(BUILD_DIR)/$(notdir $(<:.c=.lst)) $< -o $@

Drivers/CMSIS/Include/cmsis_compiler.h:
#  Implicit rule search has been done.
#  Last modified 2021-06-11 13:45:29.9422782
#  File has been updated.
#  Successfully updated.

# Not a target:
build/stm32f4xx_hal_uart.d:
#  Implicit rule search has been done.
#  Last modified 2021-06-16 12:07:18.5134356
#  File has been updated.
#  Successfully updated.

Drivers/STM32F4xx_HAL_Driver/Inc/stm32f4xx_hal_dma.h:
#  Implicit rule search has been done.
#  Last modified 2021-06-11 13:45:30.6712315
#  File has been updated.
#  Successfully updated.

# Not a target:
Middlewares/Third_Party/FreeRTOS/Source/portable/GCC/ARM_CM4F/port.c:
#  Implicit rule search has been done.
#  Last modified 2021-06-11 13:45:30.8164511
#  File has been updated.
#  Successfully updated.

# Not a target:
build/port.d:
#  Implicit rule search has been done.
#  Last modified 2021-06-16 12:07:20.6840665
#  File has been updated.
#  Successfully updated.

build/stm32f4xx_hal_exti.o: Drivers/STM32F4xx_HAL_Driver/Src/stm32f4xx_hal_exti.c Makefile Drivers/STM32F4xx_HAL_Driver/Src/stm32f4xx_hal_exti.c Drivers/STM32F4xx_HAL_Driver/Inc/stm32f4xx_hal.h Core/Inc/stm32f4xx_hal_conf.h Drivers/STM32F4xx_HAL_Driver/Inc/stm32f4xx_hal_rcc.h Drivers/STM32F4xx_HAL_Driver/Inc/stm32f4xx_hal_def.h Drivers/CMSIS/Device/ST/STM32F4xx/Include/stm32f4xx.h Drivers/CMSIS/Device/ST/STM32F4xx/Include/stm32f446xx.h Drivers/CMSIS/Include/core_cm4.h Drivers/CMSIS/Include/cmsis_version.h Drivers/CMSIS/Include/cmsis_compiler.h Drivers/CMSIS/Include/cmsis_gcc.h Drivers/CMSIS/Include/mpu_armv7.h Drivers/CMSIS/Device/ST/STM32F4xx/Include/system_stm32f4xx.h Drivers/STM32F4xx_HAL_Driver/Inc/Legacy/stm32_hal_legacy.h Drivers/STM32F4xx_HAL_Driver/Inc/stm32f4xx_hal_rcc_ex.h Drivers/STM32F4xx_HAL_Driver/Inc/stm32f4xx_hal_gpio.h Drivers/STM32F4xx_HAL_Driver/Inc/stm32f4xx_hal_gpio_ex.h Drivers/STM32F4xx_HAL_Driver/Inc/stm32f4xx_hal_exti.h Drivers/STM32F4xx_HAL_Driver/Inc/stm32f4xx_hal_dma.h Drivers/STM32F4xx_HAL_Driver/Inc/stm32f4xx_hal_dma_ex.h Drivers/STM32F4xx_HAL_Driver/Inc/stm32f4xx_hal_cortex.h Drivers/STM32F4xx_HAL_Driver/Inc/stm32f4xx_hal_flash.h Drivers/STM32F4xx_HAL_Driver/Inc/stm32f4xx_hal_flash_ex.h Drivers/STM32F4xx_HAL_Driver/Inc/stm32f4xx_hal_flash_ramfunc.h Drivers/STM32F4xx_HAL_Driver/Inc/stm32f4xx_hal_i2c.h Drivers/STM32F4xx_HAL_Driver/Inc/stm32f4xx_hal_i2c_ex.h Drivers/STM32F4xx_HAL_Driver/Inc/stm32f4xx_hal_pwr.h Drivers/STM32F4xx_HAL_Driver/Inc/stm32f4xx_hal_pwr_ex.h Drivers/STM32F4xx_HAL_Driver/Inc/stm32f4xx_hal_uart.h | build
#  Implicit rule search has been done.
#  Implicit/static pattern stem: 'stm32f4xx_hal_exti'
#  Last modified 2021-06-16 12:07:16.7764565
#  File has been updated.
#  Successfully updated.
#  recipe to execute (from 'Makefile', line 179):
	$(CC) -c $(CFLAGS) -Wa,-a,-ad,-alms=$(BUILD_DIR)/$(notdir $(<:.c=.lst)) $< -o $@

build:
#  Implicit rule search has not been done.
#  Last modified 2021-06-28 14:09:06.5939408
#  File has been updated.
#  Successfully updated.
#  recipe to execute (from 'Makefile', line 195):
	mkdir $@		

# Not a target:
Drivers/STM32F4xx_HAL_Driver/Src/stm32f4xx_hal_flash.c:
#  Implicit rule search has been done.
#  Last modified 2021-06-11 13:45:30.7464278
#  File has been updated.
#  Successfully updated.

build/stm32f4xx_hal_flash_ramfunc.o: Drivers/STM32F4xx_HAL_Driver/Src/stm32f4xx_hal_flash_ramfunc.c Makefile Drivers/STM32F4xx_HAL_Driver/Src/stm32f4xx_hal_flash_ramfunc.c Drivers/STM32F4xx_HAL_Driver/Inc/stm32f4xx_hal.h Core/Inc/stm32f4xx_hal_conf.h Drivers/STM32F4xx_HAL_Driver/Inc/stm32f4xx_hal_rcc.h Drivers/STM32F4xx_HAL_Driver/Inc/stm32f4xx_hal_def.h Drivers/CMSIS/Device/ST/STM32F4xx/Include/stm32f4xx.h Drivers/CMSIS/Device/ST/STM32F4xx/Include/stm32f446xx.h Drivers/CMSIS/Include/core_cm4.h Drivers/CMSIS/Include/cmsis_version.h Drivers/CMSIS/Include/cmsis_compiler.h Drivers/CMSIS/Include/cmsis_gcc.h Drivers/CMSIS/Include/mpu_armv7.h Drivers/CMSIS/Device/ST/STM32F4xx/Include/system_stm32f4xx.h Drivers/STM32F4xx_HAL_Driver/Inc/Legacy/stm32_hal_legacy.h Drivers/STM32F4xx_HAL_Driver/Inc/stm32f4xx_hal_rcc_ex.h Drivers/STM32F4xx_HAL_Driver/Inc/stm32f4xx_hal_gpio.h Drivers/STM32F4xx_HAL_Driver/Inc/stm32f4xx_hal_gpio_ex.h Drivers/STM32F4xx_HAL_Driver/Inc/stm32f4xx_hal_exti.h Drivers/STM32F4xx_HAL_Driver/Inc/stm32f4xx_hal_dma.h Drivers/STM32F4xx_HAL_Driver/Inc/stm32f4xx_hal_dma_ex.h Drivers/STM32F4xx_HAL_Driver/Inc/stm32f4xx_hal_cortex.h Drivers/STM32F4xx_HAL_Driver/Inc/stm32f4xx_hal_flash.h Drivers/STM32F4xx_HAL_Driver/Inc/stm32f4xx_hal_flash_ex.h Drivers/STM32F4xx_HAL_Driver/Inc/stm32f4xx_hal_flash_ramfunc.h Drivers/STM32F4xx_HAL_Driver/Inc/stm32f4xx_hal_i2c.h Drivers/STM32F4xx_HAL_Driver/Inc/stm32f4xx_hal_i2c_ex.h Drivers/STM32F4xx_HAL_Driver/Inc/stm32f4xx_hal_pwr.h Drivers/STM32F4xx_HAL_Driver/Inc/stm32f4xx_hal_pwr_ex.h Drivers/STM32F4xx_HAL_Driver/Inc/stm32f4xx_hal_uart.h | build
#  Implicit rule search has been done.
#  Implicit/static pattern stem: 'stm32f4xx_hal_flash_ramfunc'
#  Last modified 2021-06-16 12:07:15.7769603
#  File has been updated.
#  Successfully updated.
#  recipe to execute (from 'Makefile', line 179):
	$(CC) -c $(CFLAGS) -Wa,-a,-ad,-alms=$(BUILD_DIR)/$(notdir $(<:.c=.lst)) $< -o $@

# Not a target:
build/stm32f4xx_hal_dma_ex.d:
#  Implicit rule search has been done.
#  Last modified 2021-06-16 12:07:15.9863986
#  File has been updated.
#  Successfully updated.

# Not a target:
build/stm32f4xx_hal_i2c_ex.d:
#  Implicit rule search has been done.
#  Last modified 2021-06-16 12:07:18.133124
#  File has been updated.
#  Successfully updated.

# Not a target:
Middlewares/Third_Party/FreeRTOS/Source/timers.c:
#  Implicit rule search has been done.
#  Last modified 2021-06-11 13:45:30.8244947
#  File has been updated.
#  Successfully updated.

# Not a target:
Drivers/STM32F4xx_HAL_Driver/Src/stm32f4xx_hal_dma.c:
#  Implicit rule search has been done.
#  Last modified 2021-06-11 13:45:30.7401945
#  File has been updated.
#  Successfully updated.

Drivers/STM32F4xx_HAL_Driver/Inc/stm32f4xx_hal_pwr_ex.h:
#  Implicit rule search has been done.
#  Last modified 2021-06-11 13:45:30.6904722
#  File has been updated.
#  Successfully updated.

# Not a target:
Drivers/STM32F4xx_HAL_Driver/Src/stm32f4xx_hal_tim_ex.c:
#  Implicit rule search has been done.
#  Last modified 2021-06-11 13:45:30.7893419
#  File has been updated.
#  Successfully updated.

build/cmsis_os.o: Middlewares/Third_Party/FreeRTOS/Source/CMSIS_RTOS/cmsis_os.c Makefile Middlewares/Third_Party/FreeRTOS/Source/CMSIS_RTOS/cmsis_os.c Middlewares/Third_Party/FreeRTOS/Source/CMSIS_RTOS/cmsis_os.h Middlewares/Third_Party/FreeRTOS/Source/include/FreeRTOS.h Core/Inc/FreeRTOSConfig.h Middlewares/Third_Party/FreeRTOS/Source/include/projdefs.h Middlewares/Third_Party/FreeRTOS/Source/include/portable.h Middlewares/Third_Party/FreeRTOS/Source/include/deprecated_definitions.h Middlewares/Third_Party/FreeRTOS/Source/portable/GCC/ARM_CM4F/portmacro.h Middlewares/Third_Party/FreeRTOS/Source/include/mpu_wrappers.h Middlewares/Third_Party/FreeRTOS/Source/include/task.h Middlewares/Third_Party/FreeRTOS/Source/include/list.h Middlewares/Third_Party/FreeRTOS/Source/include/timers.h Middlewares/Third_Party/FreeRTOS/Source/include/task.h Middlewares/Third_Party/FreeRTOS/Source/include/queue.h Middlewares/Third_Party/FreeRTOS/Source/include/semphr.h Middlewares/Third_Party/FreeRTOS/Source/include/queue.h Middlewares/Third_Party/FreeRTOS/Source/include/event_groups.h Middlewares/Third_Party/FreeRTOS/Source/include/timers.h Drivers/CMSIS/Include/cmsis_gcc.h | build
#  Implicit rule search has been done.
#  Implicit/static pattern stem: 'cmsis_os'
#  Last modified 2021-06-16 15:11:50.6613826
#  File has been updated.
#  Successfully updated.
#  recipe to execute (from 'Makefile', line 179):
	$(CC) -c $(CFLAGS) -Wa,-a,-ad,-alms=$(BUILD_DIR)/$(notdir $(<:.c=.lst)) $< -o $@

Middlewares/Third_Party/FreeRTOS/Source/include/list.h:
#  Implicit rule search has been done.
#  Last modified 2021-06-11 13:45:30.8067678
#  File has been updated.
#  Successfully updated.

Drivers/STM32F4xx_HAL_Driver/Inc/stm32f4xx_hal_rcc_ex.h:
#  Implicit rule search has been done.
 
#  Last modified 2021-06-11 13:45:30.6962992
#  File has been updated.
#  Successfully updated.

# Not a target:
build/stm32f4xx_hal_pwr_ex.d:
#  Implicit rule search has been done.
#  Last modified 2021-06-16 12:07:16.3886404
#  File has been updated.
#  Successfully updated.

Middlewares/Third_Party/FreeRTOS/Source/portable/GCC/ARM_CM4F/portmacro.h:
#  Implicit rule search has been done.
#  Last modified 2021-06-11 13:45:30.8168141
#  File has been updated.
#  Successfully updated.

build/stm32f4xx_it.o: Core/Src/stm32f4xx_it.c Makefile Core/Src/stm32f4xx_it.c Core/Inc/main.h Drivers/STM32F4xx_HAL_Driver/Inc/stm32f4xx_hal.h Core/Inc/stm32f4xx_hal_conf.h Drivers/STM32F4xx_HAL_Driver/Inc/stm32f4xx_hal_rcc.h Drivers/STM32F4xx_HAL_Driver/Inc/stm32f4xx_hal_def.h Drivers/CMSIS/Device/ST/STM32F4xx/Include/stm32f4xx.h Drivers/CMSIS/Device/ST/STM32F4xx/Include/stm32f446xx.h Drivers/CMSIS/Include/core_cm4.h Drivers/CMSIS/Include/cmsis_version.h Drivers/CMSIS/Include/cmsis_compiler.h Drivers/CMSIS/Include/cmsis_gcc.h Drivers/CMSIS/Include/mpu_armv7.h Drivers/CMSIS/Device/ST/STM32F4xx/Include/system_stm32f4xx.h Drivers/STM32F4xx_HAL_Driver/Inc/Legacy/stm32_hal_legacy.h Drivers/STM32F4xx_HAL_Driver/Inc/stm32f4xx_hal_rcc_ex.h Drivers/STM32F4xx_HAL_Driver/Inc/stm32f4xx_hal_gpio.h Drivers/STM32F4xx_HAL_Driver/Inc/stm32f4xx_hal_gpio_ex.h Drivers/STM32F4xx_HAL_Driver/Inc/stm32f4xx_hal_exti.h Drivers/STM32F4xx_HAL_Driver/Inc/stm32f4xx_hal_dma.h Drivers/STM32F4xx_HAL_Driver/Inc/stm32f4xx_hal_dma_ex.h Drivers/STM32F4xx_HAL_Driver/Inc/stm32f4xx_hal_cortex.h Drivers/STM32F4xx_HAL_Driver/Inc/stm32f4xx_hal_flash.h Drivers/STM32F4xx_HAL_Driver/Inc/stm32f4xx_hal_flash_ex.h Drivers/STM32F4xx_HAL_Driver/Inc/stm32f4xx_hal_flash_ramfunc.h Drivers/STM32F4xx_HAL_Driver/Inc/stm32f4xx_hal_i2c.h Drivers/STM32F4xx_HAL_Driver/Inc/stm32f4xx_hal_i2c_ex.h Drivers/STM32F4xx_HAL_Driver/Inc/stm32f4xx_hal_pwr.h Drivers/STM32F4xx_HAL_Driver/Inc/stm32f4xx_hal_pwr_ex.h Drivers/STM32F4xx_HAL_Driver/Inc/stm32f4xx_hal_uart.h Core/Inc/stm32f4xx_it.h Middlewares/Third_Party/FreeRTOS/Source/include/FreeRTOS.h Core/Inc/FreeRTOSConfig.h Middlewares/Third_Party/FreeRTOS/Source/include/projdefs.h Middlewares/Third_Party/FreeRTOS/Source/include/portable.h Middlewares/Third_Party/FreeRTOS/Source/include/deprecated_definitions.h Middlewares/Third_Party/FreeRTOS/Source/portable/GCC/ARM_CM4F/portmacro.h Middlewares/Third_Party/FreeRTOS/Source/include/mpu_wrappers.h Middlewares/Third_Party/FreeRTOS/Source/include/task.h Middlewares/Third_Party/FreeRTOS/Source/include/list.h | build
#  Implicit rule search has been done.
#  Implicit/static pattern stem: 'stm32f4xx_it'
#  Last modified 2021-06-16 12:07:14.8869737
#  File has been updated.
#  Successfully updated.
#  recipe to execute (from 'Makefile', line 179):
	$(CC) -c $(CFLAGS) -Wa,-a,-ad,-alms=$(BUILD_DIR)/$(notdir $(<:.c=.lst)) $< -o $@

# Not a target:
build/stm32f4xx_hal_tim.d:
#  Implicit rule search has been done.
#  Last modified 2021-06-16 12:07:18.245392
#  File has been updated.
#  Successfully updated.

build/stream_buffer.o: Middlewares/Third_Party/FreeRTOS/Source/stream_buffer.c Makefile Middlewares/Third_Party/FreeRTOS/Source/stream_buffer.c Middlewares/Third_Party/FreeRTOS/Source/include/FreeRTOS.h Core/Inc/FreeRTOSConfig.h Middlewares/Third_Party/FreeRTOS/Source/include/projdefs.h Middlewares/Third_Party/FreeRTOS/Source/include/portable.h Middlewares/Third_Party/FreeRTOS/Source/include/deprecated_definitions.h Middlewares/Third_Party/FreeRTOS/Source/portable/GCC/ARM_CM4F/portmacro.h Middlewares/Third_Party/FreeRTOS/Source/include/mpu_wrappers.h Middlewares/Third_Party/FreeRTOS/Source/include/task.h Middlewares/Third_Party/FreeRTOS/Source/include/list.h Middlewares/Third_Party/FreeRTOS/Source/include/stream_buffer.h | build
#  Implicit rule search has been done.
#  Implicit/static pattern stem: 'stream_buffer'
#  Last modified 2021-06-16 12:07:19.7217652
#  File has been updated.
#  Successfully updated.
#  recipe to execute (from 'Makefile', line 179):
	$(CC) -c $(CFLAGS) -Wa,-a,-ad,-alms=$(BUILD_DIR)/$(notdir $(<:.c=.lst)) $< -o $@

# Not a target:
Middlewares/Third_Party/FreeRTOS/Source/croutine.c:
#  Implicit rule search has been done.
#  Last modified 2021-06-11 13:45:30.8039867
#  File has been updated.
#  Successfully updated.

Drivers/STM32F4xx_HAL_Driver/Inc/stm32f4xx_hal_cortex.h:
#  Implicit rule search has been done.
#  Last modified 2021-06-11 13:45:30.6666202
#  File has been updated.
#  Successfully updated.

build/queue.o: Middlewares/Third_Party/FreeRTOS/Source/queue.c Makefile Middlewares/Third_Party/FreeRTOS/Source/queue.c Middlewares/Third_Party/FreeRTOS/Source/include/FreeRTOS.h Core/Inc/FreeRTOSConfig.h Middlewares/Third_Party/FreeRTOS/Source/include/projdefs.h Middlewares/Third_Party/FreeRTOS/Source/include/portable.h Middlewares/Third_Party/FreeRTOS/Source/include/deprecated_definitions.h Middlewares/Third_Party/FreeRTOS/Source/portable/GCC/ARM_CM4F/portmacro.h Middlewares/Third_Party/FreeRTOS/Source/include/mpu_wrappers.h Middlewares/Third_Party/FreeRTOS/Source/include/task.h Middlewares/Third_Party/FreeRTOS/Source/include/list.h Middlewares/Third_Party/FreeRTOS/Source/include/queue.h Middlewares/Third_Party/FreeRTOS/Source/include/task.h | build
#  Implicit rule search has been done.
#  Implicit/static pattern stem: 'queue'
#  Last modified 2021-06-16 12:07:19.4418395
#  File has been updated.
#  Successfully updated.
#  recipe to execute (from 'Makefile', line 179):
	$(CC) -c $(CFLAGS) -Wa,-a,-ad,-alms=$(BUILD_DIR)/$(notdir $(<:.c=.lst)) $< -o $@

build/startup_stm32f446xx.o: startup_stm32f446xx.s Makefile startup_stm32f446xx.s | build
#  Implicit rule search has been done.
#  Implicit/static pattern stem: 'startup_stm32f446xx'
#  Last modified 2021-06-16 12:07:20.7496244
#  File has been updated.
#  Successfully updated.
#  recipe to execute (from 'Makefile', line 182):
	$(AS) -c $(CFLAGS) $< -o $@

build/freertos.o: Core/Src/freertos.c Makefile Core/Src/freertos.c Middlewares/Third_Party/FreeRTOS/Source/include/FreeRTOS.h Core/Inc/FreeRTOSConfig.h Middlewares/Third_Party/FreeRTOS/Source/include/projdefs.h Middlewares/Third_Party/FreeRTOS/Source/include/portable.h Middlewares/Third_Party/FreeRTOS/Source/include/deprecated_definitions.h Middlewares/Third_Party/FreeRTOS/Source/portable/GCC/ARM_CM4F/portmacro.h Middlewares/Third_Party/FreeRTOS/Source/include/mpu_wrappers.h Middlewares/Third_Party/FreeRTOS/Source/include/task.h Middlewares/Third_Party/FreeRTOS/Source/include/list.h Core/Inc/main.h Drivers/STM32F4xx_HAL_Driver/Inc/stm32f4xx_hal.h Core/Inc/stm32f4xx_hal_conf.h Drivers/STM32F4xx_HAL_Driver/Inc/stm32f4xx_hal_rcc.h Drivers/STM32F4xx_HAL_Driver/Inc/stm32f4xx_hal_def.h Drivers/CMSIS/Device/ST/STM32F4xx/Include/stm32f4xx.h Drivers/CMSIS/Device/ST/STM32F4xx/Include/stm32f446xx.h Drivers/CMSIS/Include/core_cm4.h Drivers/CMSIS/Include/cmsis_version.h Drivers/CMSIS/Include/cmsis_compiler.h Drivers/CMSIS/Include/cmsis_gcc.h Drivers/CMSIS/Include/mpu_armv7.h Drivers/CMSIS/Device/ST/STM32F4xx/Include/system_stm32f4xx.h Drivers/STM32F4xx_HAL_Driver/Inc/Legacy/stm32_hal_legacy.h Drivers/STM32F4xx_HAL_Driver/Inc/stm32f4xx_hal_rcc_ex.h Drivers/STM32F4xx_HAL_Driver/Inc/stm32f4xx_hal_gpio.h Drivers/STM32F4xx_HAL_Driver/Inc/stm32f4xx_hal_gpio_ex.h Drivers/STM32F4xx_HAL_Driver/Inc/stm32f4xx_hal_exti.h Drivers/STM32F4xx_HAL_Driver/Inc/stm32f4xx_hal_dma.h Drivers/STM32F4xx_HAL_Driver/Inc/stm32f4xx_hal_dma_ex.h Drivers/STM32F4xx_HAL_Driver/Inc/stm32f4xx_hal_cortex.h Drivers/STM32F4xx_HAL_Driver/Inc/stm32f4xx_hal_flash.h Drivers/STM32F4xx_HAL_Driver/Inc/stm32f4xx_hal_flash_ex.h Drivers/STM32F4xx_HAL_Driver/Inc/stm32f4xx_hal_flash_ramfunc.h Drivers/STM32F4xx_HAL_Driver/Inc/stm32f4xx_hal_i2c.h Drivers/STM32F4xx_HAL_Driver/Inc/stm32f4xx_hal_i2c_ex.h Drivers/STM32F4xx_HAL_Driver/Inc/stm32f4xx_hal_pwr.h Drivers/STM32F4xx_HAL_Driver/Inc/stm32f4xx_hal_pwr_ex.h Drivers/STM32F4xx_HAL_Driver/Inc/stm32f4xx_hal_uart.h | build
#  Implicit rule search has been done.
#  Implicit/static pattern stem: 'freertos'
#  Last modified 2021-06-16 12:07:14.7744375
#  File has been updated.
#  Successfully updated.
#  recipe to execute (from 'Makefile', line 179):
	$(CC) -c $(CFLAGS) -Wa,-a,-ad,-alms=$(BUILD_DIR)/$(notdir $(<:.c=.lst)) $< -o $@

Core/Inc/stm32f4xx_hal_conf.h:
#  Implicit rule search has been done.
#  Last modified 2021-06-11 21:05:52.1882806
#  File has been updated.
#  Successfully updated.

# Not a target:
Drivers/STM32F4xx_HAL_Driver/Src/stm32f4xx_hal_pwr_ex.c:
#  Implicit rule search has been done.
#  Last modified 2021-06-11 13:45:30.774519
#  File has been updated.
#  Successfully updated.

# Not a target:
build/cmsis_os.d:
#  Implicit rule search has been done.
#  Last modified 2021-06-16 15:11:50.5930491
#  File has been updated.
#  Successfully updated.

# Not a target:
build/timers.d:
#  Implicit rule search has been done.
#  Last modified 2021-06-16 12:07:20.2013765
#  File has been updated.
#  Successfully updated.

Drivers/CMSIS/Device/ST/STM32F4xx/Include/stm32f4xx.h:
#  Implicit rule search has been done.
#  Last modified 2021-06-11 13:45:29.9082676
#  File has been updated.
#  Successfully updated.

build/stm32f4xx_hal_rcc_ex.o: Drivers/STM32F4xx_HAL_Driver/Src/stm32f4xx_hal_rcc_ex.c Makefile Drivers/STM32F4xx_HAL_Driver/Src/stm32f4xx_hal_rcc_ex.c Drivers/STM32F4xx_HAL_Driver/Inc/stm32f4xx_hal.h Core/Inc/stm32f4xx_hal_conf.h Drivers/STM32F4xx_HAL_Driver/Inc/stm32f4xx_hal_rcc.h Drivers/STM32F4xx_HAL_Driver/Inc/stm32f4xx_hal_def.h Drivers/CMSIS/Device/ST/STM32F4xx/Include/stm32f4xx.h Drivers/CMSIS/Device/ST/STM32F4xx/Include/stm32f446xx.h Drivers/CMSIS/Include/core_cm4.h Drivers/CMSIS/Include/cmsis_version.h Drivers/CMSIS/Include/cmsis_compiler.h Drivers/CMSIS/Include/cmsis_gcc.h Drivers/CMSIS/Include/mpu_armv7.h Drivers/CMSIS/Device/ST/STM32F4xx/Include/system_stm32f4xx.h Drivers/STM32F4xx_HAL_Driver/Inc/Legacy/stm32_hal_legacy.h Drivers/STM32F4xx_HAL_Driver/Inc/stm32f4xx_hal_rcc_ex.h Drivers/STM32F4xx_HAL_Driver/Inc/stm32f4xx_hal_gpio.h Drivers/STM32F4xx_HAL_Driver/Inc/stm32f4xx_hal_gpio_ex.h Drivers/STM32F4xx_HAL_Driver/Inc/stm32f4xx_hal_exti.h Drivers/STM32F4xx_HAL_Driver/Inc/stm32f4xx_hal_dma.h Drivers/STM32F4xx_HAL_Driver/Inc/stm32f4xx_hal_dma_ex.h Drivers/STM32F4xx_HAL_Driver/Inc/stm32f4xx_hal_cortex.h Drivers/STM32F4xx_HAL_Driver/Inc/stm32f4xx_hal_flash.h Drivers/STM32F4xx_HAL_Driver/Inc/stm32f4xx_hal_flash_ex.h Drivers/STM32F4xx_HAL_Driver/Inc/stm32f4xx_hal_flash_ramfunc.h Drivers/STM32F4xx_HAL_Driver/Inc/stm32f4xx_hal_i2c.h Drivers/STM32F4xx_HAL_Driver/Inc/stm32f4xx_hal_i2c_ex.h Drivers/STM32F4xx_HAL_Driver/Inc/stm32f4xx_hal_pwr.h Drivers/STM32F4xx_HAL_Driver/Inc/stm32f4xx_hal_pwr_ex.h Drivers/STM32F4xx_HAL_Driver/Inc/stm32f4xx_hal_uart.h | build
#  Implicit rule search has been done.
#  Implicit/static pattern stem: 'stm32f4xx_hal_rcc_ex'
#  Last modified 2021-06-16 12:07:15.3555923
#  File has been updated.
#  Successfully updated.
#  recipe to execute (from 'Makefile', line 179):
	$(CC) -c $(CFLAGS) -Wa,-a,-ad,-alms=$(BUILD_DIR)/$(notdir $(<:.c=.lst)) $< -o $@

Middlewares/Third_Party/FreeRTOS/Source/include/task.h:
#  Implicit rule search has been done.
#  Last modified 2021-06-11 13:45:30.8141343
#  File has been updated.
#  Successfully updated.

# Not a target:
build/stm32f4xx_hal_pwr.d:
#  Implicit rule search has been done.
#  Last modified 2021-06-16 12:07:16.2723384
#  File has been updated.
#  Successfully updated.

# Not a target:
Middlewares/Third_Party/FreeRTOS/Source/tasks.c:
#  Implicit rule search has been done.
#  Last modified 2021-06-11 13:45:30.8239753
#  File has been updated.
#  Successfully updated.

build/stm32f4xx_hal_rcc.o: Drivers/STM32F4xx_HAL_Driver/Src/stm32f4xx_hal_rcc.c Makefile Drivers/STM32F4xx_HAL_Driver/Src/stm32f4xx_hal_rcc.c Drivers/STM32F4xx_HAL_Driver/Inc/stm32f4xx_hal.h Core/Inc/stm32f4xx_hal_conf.h Drivers/STM32F4xx_HAL_Driver/Inc/stm32f4xx_hal_rcc.h Drivers/STM32F4xx_HAL_Driver/Inc/stm32f4xx_hal_def.h Drivers/CMSIS/Device/ST/STM32F4xx/Include/stm32f4xx.h Drivers/CMSIS/Device/ST/STM32F4xx/Include/stm32f446xx.h Drivers/CMSIS/Include/core_cm4.h Drivers/CMSIS/Include/cmsis_version.h Drivers/CMSIS/Include/cmsis_compiler.h Drivers/CMSIS/Include/cmsis_gcc.h Drivers/CMSIS/Include/mpu_armv7.h Drivers/CMSIS/Device/ST/STM32F4xx/Include/system_stm32f4xx.h Drivers/STM32F4xx_HAL_Driver/Inc/Legacy/stm32_hal_legacy.h Drivers/STM32F4xx_HAL_Driver/Inc/stm32f4xx_hal_rcc_ex.h Drivers/STM32F4xx_HAL_Driver/Inc/stm32f4xx_hal_gpio.h Drivers/STM32F4xx_HAL_Driver/Inc/stm32f4xx_hal_gpio_ex.h Drivers/STM32F4xx_HAL_Driver/Inc/stm32f4xx_hal_exti.h Drivers/STM32F4xx_HAL_Driver/Inc/stm32f4xx_hal_dma.h Drivers/STM32F4xx_HAL_Driver/Inc/stm32f4xx_hal_dma_ex.h Drivers/STM32F4xx_HAL_Driver/Inc/stm32f4xx_hal_cortex.h Drivers/STM32F4xx_HAL_Driver/Inc/stm32f4xx_hal_flash.h Drivers/STM32F4xx_HAL_Driver/Inc/stm32f4xx_hal_flash_ex.h Drivers/STM32F4xx_HAL_Driver/Inc/stm32f4xx_hal_flash_ramfunc.h Drivers/STM32F4xx_HAL_Driver/Inc/stm32f4xx_hal_i2c.h Drivers/STM32F4xx_HAL_Driver/Inc/stm32f4xx_hal_i2c_ex.h Drivers/STM32F4xx_HAL_Driver/Inc/stm32f4xx_hal_pwr.h Drivers/STM32F4xx_HAL_Driver/Inc/stm32f4xx_hal_pwr_ex.h Drivers/STM32F4xx_HAL_Driver/Inc/stm32f4xx_hal_uart.h | build
#  Implicit rule search has been done.
#  Implicit/static pattern stem: 'stm32f4xx_hal_rcc'
#  Last modified 2021-06-16 12:07:15.1425708
#  File has been updated.
#  Successfully updated.
#  recipe to execute (from 'Makefile', line 179):
	$(CC) -c $(CFLAGS) -Wa,-a,-ad,-alms=$(BUILD_DIR)/$(notdir $(<:.c=.lst)) $< -o $@

# Not a target:
Drivers/STM32F4xx_HAL_Driver/Src/stm32f4xx_hal_cortex.c:
#  Implicit rule search has been done.
#  Last modified 2021-06-11 13:45:30.7325447
#  File has been updated.
#  Successfully updated.

Drivers/STM32F4xx_HAL_Driver/Inc/stm32f4xx_hal_dma_ex.h:
#  Implicit rule search has been done.
#  Last modified 2021-06-11 13:45:30.671925
#  File has been updated.
#  Successfully updated.

Drivers/STM32F4xx_HAL_Driver/Inc/stm32f4xx_hal_def.h:
#  Implicit rule search has been done.
#  Last modified 2021-06-11 13:45:30.6696428
#  File has been updated.
#  Successfully updated.

build/system_stm32f4xx.o: Core/Src/system_stm32f4xx.c Makefile Core/Src/system_stm32f4xx.c Drivers/CMSIS/Device/ST/STM32F4xx/Include/stm32f4xx.h Drivers/CMSIS/Device/ST/STM32F4xx/Include/stm32f446xx.h Drivers/CMSIS/Include/core_cm4.h Drivers/CMSIS/Include/cmsis_version.h Drivers/CMSIS/Include/cmsis_compiler.h Drivers/CMSIS/Include/cmsis_gcc.h Drivers/CMSIS/Include/mpu_armv7.h Drivers/CMSIS/Device/ST/STM32F4xx/Include/system_stm32f4xx.h Drivers/STM32F4xx_HAL_Driver/Inc/stm32f4xx_hal.h Core/Inc/stm32f4xx_hal_conf.h Drivers/STM32F4xx_HAL_Driver/Inc/stm32f4xx_hal_rcc.h Drivers/STM32F4xx_HAL_Driver/Inc/stm32f4xx_hal_def.h Drivers/STM32F4xx_HAL_Driver/Inc/Legacy/stm32_hal_legacy.h Drivers/STM32F4xx_HAL_Driver/Inc/stm32f4xx_hal_rcc_ex.h Drivers/STM32F4xx_HAL_Driver/Inc/stm32f4xx_hal_gpio.h Drivers/STM32F4xx_HAL_Driver/Inc/stm32f4xx_hal_gpio_ex.h Drivers/STM32F4xx_HAL_Driver/Inc/stm32f4xx_hal_exti.h Drivers/STM32F4xx_HAL_Driver/Inc/stm32f4xx_hal_dma.h Drivers/STM32F4xx_HAL_Driver/Inc/stm32f4xx_hal_dma_ex.h Drivers/STM32F4xx_HAL_Driver/Inc/stm32f4xx_hal_cortex.h Drivers/STM32F4xx_HAL_Driver/Inc/stm32f4xx_hal_flash.h Drivers/STM32F4xx_HAL_Driver/Inc/stm32f4xx_hal_flash_ex.h Drivers/STM32F4xx_HAL_Driver/Inc/stm32f4xx_hal_flash_ramfunc.h Drivers/STM32F4xx_HAL_Driver/Inc/stm32f4xx_hal_i2c.h Drivers/STM32F4xx_HAL_Driver/Inc/stm32f4xx_hal_i2c_ex.h Drivers/STM32F4xx_HAL_Driver/Inc/stm32f4xx_hal_pwr.h Drivers/STM32F4xx_HAL_Driver/Inc/stm32f4xx_hal_pwr_ex.h Drivers/STM32F4xx_HAL_Driver/Inc/stm32f4xx_hal_uart.h | build
#  Implicit rule search has been done.
#  Implicit/static pattern stem: 'system_stm32f4xx'
#  Last modified 2021-06-16 12:07:18.9476416
#  File has been updated.
#  Successfully updated.
#  recipe to execute (from 'Makefile', line 179):
	$(CC) -c $(CFLAGS) -Wa,-a,-ad,-alms=$(BUILD_DIR)/$(notdir $(<:.c=.lst)) $< -o $@

build/stm32f4xx_hal_i2c.o: Drivers/STM32F4xx_HAL_Driver/Src/stm32f4xx_hal_i2c.c Makefile Drivers/STM32F4xx_HAL_Driver/Src/stm32f4xx_hal_i2c.c Drivers/STM32F4xx_HAL_Driver/Inc/stm32f4xx_hal.h Core/Inc/stm32f4xx_hal_conf.h Drivers/STM32F4xx_HAL_Driver/Inc/stm32f4xx_hal_rcc.h Drivers/STM32F4xx_HAL_Driver/Inc/stm32f4xx_hal_def.h Drivers/CMSIS/Device/ST/STM32F4xx/Include/stm32f4xx.h Drivers/CMSIS/Device/ST/STM32F4xx/Include/stm32f446xx.h Drivers/CMSIS/Include/core_cm4.h Drivers/CMSIS/Include/cmsis_version.h Drivers/CMSIS/Include/cmsis_compiler.h Drivers/CMSIS/Include/cmsis_gcc.h Drivers/CMSIS/Include/mpu_armv7.h Drivers/CMSIS/Device/ST/STM32F4xx/Include/system_stm32f4xx.h Drivers/STM32F4xx_HAL_Driver/Inc/Legacy/stm32_hal_legacy.h Drivers/STM32F4xx_HAL_Driver/Inc/stm32f4xx_hal_rcc_ex.h Drivers/STM32F4xx_HAL_Driver/Inc/stm32f4xx_hal_gpio.h Drivers/STM32F4xx_HAL_Driver/Inc/stm32f4xx_hal_gpio_ex.h Drivers/STM32F4xx_HAL_Driver/Inc/stm32f4xx_hal_exti.h Drivers/STM32F4xx_HAL_Driver/Inc/stm32f4xx_hal_dma.h Drivers/STM32F4xx_HAL_Driver/Inc/stm32f4xx_hal_dma_ex.h Drivers/STM32F4xx_HAL_Driver/Inc/stm32f4xx_hal_cortex.h Drivers/STM32F4xx_HAL_Driver/Inc/stm32f4xx_hal_flash.h Drivers/STM32F4xx_HAL_Driver/Inc/stm32f4xx_hal_flash_ex.h Drivers/STM32F4xx_HAL_Driver/Inc/stm32f4xx_hal_flash_ramfunc.h Drivers/STM32F4xx_HAL_Driver/Inc/stm32f4xx_hal_i2c.h Drivers/STM32F4xx_HAL_Driver/Inc/stm32f4xx_hal_i2c_ex.h Drivers/STM32F4xx_HAL_Driver/Inc/stm32f4xx_hal_pwr.h Drivers/STM32F4xx_HAL_Driver/Inc/stm32f4xx_hal_pwr_ex.h Drivers/STM32F4xx_HAL_Driver/Inc/stm32f4xx_hal_uart.h | build
#  Implicit rule search has been done.
#  Implicit/static pattern stem: 'stm32f4xx_hal_i2c'
 
#  Last modified 2021-06-16 12:07:18.0616829
#  File has been updated.
#  Successfully updated.
#  recipe to execute (from 'Makefile', line 179):
	$(CC) -c $(CFLAGS) -Wa,-a,-ad,-alms=$(BUILD_DIR)/$(notdir $(<:.c=.lst)) $< -o $@

# Not a target:
build/croutine.d:
#  Implicit rule search has been done.
#  Last modified 2021-06-16 12:07:18.9754924
#  File has been updated.
#  Successfully updated.

# Not a target:
Drivers/STM32F4xx_HAL_Driver/Src/stm32f4xx_hal_flash_ex.c:
#  Implicit rule search has been done.
#  Last modified 2021-06-11 13:45:30.7475574
#  File has been updated.
#  Successfully updated.

# Not a target:
Middlewares/Third_Party/FreeRTOS/Source/list.c:
#  Implicit rule search has been done.
#  Last modified 2021-06-11 13:45:30.815527
#  File has been updated.
#  Successfully updated.

# Not a target:
Core/Src/system_stm32f4xx.c:
#  Implicit rule search has been done.
#  Last modified 2021-06-11 13:45:29.4409251
#  File has been updated.
#  Successfully updated.

Drivers/STM32F4xx_HAL_Driver/Inc/stm32f4xx_hal_gpio.h:
#  Implicit rule search has been done.
#  Last modified 2021-06-11 13:45:30.6799457
#  File has been updated.
#  Successfully updated.

# Not a target:
.DEFAULT:
#  Implicit rule search has not been done.
#  Modification time never checked.
#  File has not been updated.

build/stm32f4xx_hal_uart.o: Drivers/STM32F4xx_HAL_Driver/Src/stm32f4xx_hal_uart.c Makefile Drivers/STM32F4xx_HAL_Driver/Src/stm32f4xx_hal_uart.c Drivers/STM32F4xx_HAL_Driver/Inc/stm32f4xx_hal.h Core/Inc/stm32f4xx_hal_conf.h Drivers/STM32F4xx_HAL_Driver/Inc/stm32f4xx_hal_rcc.h Drivers/STM32F4xx_HAL_Driver/Inc/stm32f4xx_hal_def.h Drivers/CMSIS/Device/ST/STM32F4xx/Include/stm32f4xx.h Drivers/CMSIS/Device/ST/STM32F4xx/Include/stm32f446xx.h Drivers/CMSIS/Include/core_cm4.h Drivers/CMSIS/Include/cmsis_version.h Drivers/CMSIS/Include/cmsis_compiler.h Drivers/CMSIS/Include/cmsis_gcc.h Drivers/CMSIS/Include/mpu_armv7.h Drivers/CMSIS/Device/ST/STM32F4xx/Include/system_stm32f4xx.h Drivers/STM32F4xx_HAL_Driver/Inc/Legacy/stm32_hal_legacy.h Drivers/STM32F4xx_HAL_Driver/Inc/stm32f4xx_hal_rcc_ex.h Drivers/STM32F4xx_HAL_Driver/Inc/stm32f4xx_hal_gpio.h Drivers/STM32F4xx_HAL_Driver/Inc/stm32f4xx_hal_gpio_ex.h Drivers/STM32F4xx_HAL_Driver/Inc/stm32f4xx_hal_exti.h Drivers/STM32F4xx_HAL_Driver/Inc/stm32f4xx_hal_dma.h Drivers/STM32F4xx_HAL_Driver/Inc/stm32f4xx_hal_dma_ex.h Drivers/STM32F4xx_HAL_Driver/Inc/stm32f4xx_hal_cortex.h Drivers/STM32F4xx_HAL_Driver/Inc/stm32f4xx_hal_flash.h Drivers/STM32F4xx_HAL_Driver/Inc/stm32f4xx_hal_flash_ex.h Drivers/STM32F4xx_HAL_Driver/Inc/stm32f4xx_hal_flash_ramfunc.h Drivers/STM32F4xx_HAL_Driver/Inc/stm32f4xx_hal_i2c.h Drivers/STM32F4xx_HAL_Driver/Inc/stm32f4xx_hal_i2c_ex.h Drivers/STM32F4xx_HAL_Driver/Inc/stm32f4xx_hal_pwr.h Drivers/STM32F4xx_HAL_Driver/Inc/stm32f4xx_hal_pwr_ex.h Drivers/STM32F4xx_HAL_Driver/Inc/stm32f4xx_hal_uart.h | build
#  Implicit rule search has been done.
#  Implicit/static pattern stem: 'stm32f4xx_hal_uart'
#  Last modified 2021-06-16 12:07:18.773009
#  File has been updated.
#  Successfully updated.
#  recipe to execute (from 'Makefile', line 179):
	$(CC) -c $(CFLAGS) -Wa,-a,-ad,-alms=$(BUILD_DIR)/$(notdir $(<:.c=.lst)) $< -o $@

# Not a target:
build/system_stm32f4xx.d:
#  Implicit rule search has been done.
#  Last modified 2021-06-16 12:07:18.8346871
#  File has been updated.
#  Successfully updated.

# Not a target:
Drivers/STM32F4xx_HAL_Driver/Src/stm32f4xx_hal_dma_ex.c:
#  Implicit rule search has been done.
#  Last modified 2021-06-11 13:45:30.7415933
#  File has been updated.
#  Successfully updated.

Drivers/STM32F4xx_HAL_Driver/Inc/stm32f4xx_hal.h:
#  Implicit rule search has been done.
#  Last modified 2021-06-11 13:45:30.6631937
#  File has been updated.
#  Successfully updated.

build/port.o: Middlewares/Third_Party/FreeRTOS/Source/portable/GCC/ARM_CM4F/port.c Makefile Middlewares/Third_Party/FreeRTOS/Source/portable/GCC/ARM_CM4F/port.c Middlewares/Third_Party/FreeRTOS/Source/include/FreeRTOS.h Core/Inc/FreeRTOSConfig.h Middlewares/Third_Party/FreeRTOS/Source/include/projdefs.h Middlewares/Third_Party/FreeRTOS/Source/include/portable.h Middlewares/Third_Party/FreeRTOS/Source/include/deprecated_definitions.h Middlewares/Third_Party/FreeRTOS/Source/portable/GCC/ARM_CM4F/portmacro.h Middlewares/Third_Party/FreeRTOS/Source/include/mpu_wrappers.h Middlewares/Third_Party/FreeRTOS/Source/include/task.h Middlewares/Third_Party/FreeRTOS/Source/include/list.h | build
#  Implicit rule search has been done.
#  Implicit/static pattern stem: 'port'
#  Last modified 2021-06-16 12:07:20.7297316
#  File has been updated.
#  Successfully updated.
#  recipe to execute (from 'Makefile', line 179):
	$(CC) -c $(CFLAGS) -Wa,-a,-ad,-alms=$(BUILD_DIR)/$(notdir $(<:.c=.lst)) $< -o $@

# Not a target:
build/tasks.d:
#  Implicit rule search has been done.
#  Last modified 2021-06-16 12:07:19.8585034
#  File has been updated.
#  Successfully updated.

Middlewares/Third_Party/FreeRTOS/Source/include/mpu_wrappers.h:
#  Implicit rule search has been done.
#  Last modified 2021-06-11 13:45:30.8082763
#  File has been updated.
#  Successfully updated.

# Not a target:
build/stm32f4xx_hal_dma.d:
#  Implicit rule search has been done.
#  Last modified 2021-06-16 12:07:16.1323479
#  File has been updated.
#  Successfully updated.

Drivers/STM32F4xx_HAL_Driver/Inc/stm32f4xx_hal_rcc.h:
#  Implicit rule search has been done.
#  Last modified 2021-06-11 13:45:30.6923297
#  File has been updated.
#  Successfully updated.

# Not a target:
build/stm32f4xx_hal_tim_ex.d:
#  Implicit rule search has been done.
#  Last modified 2021-06-16 12:07:18.3166235
#  File has been updated.
#  Successfully updated.

Core/Inc/main.h:
#  Implicit rule search has been done.
#  Last modified 2021-06-11 13:45:29.436986
#  File has been updated.
#  Successfully updated.

# Not a target:
Middlewares/Third_Party/FreeRTOS/Source/CMSIS_RTOS/cmsis_os.c:
#  Implicit rule search has been done.
#  Last modified 2021-06-11 13:45:30.8016417
#  File has been updated.
#  Successfully updated.

clean:
#  Implicit rule search has not been done.
#  Modification time never checked.
#  File has not been updated.
#  recipe to execute (from 'Makefile', line 201):
	-rm -fR $(BUILD_DIR)

# Not a target:
build/list.d:
#  Implicit rule search has been done.
#  Last modified 2021-06-16 12:07:19.1502271
#  File has been updated.
#  Successfully updated.

# Not a target:
Drivers/STM32F4xx_HAL_Driver/Src/stm32f4xx_hal.c:
#  Implicit rule search has been done.
#  Last modified 2021-06-11 13:45:30.729481
#  File has been updated.
#  Successfully updated.

# Not a target:
build/stm32f4xx_hal_flash.d:
#  Implicit rule search has been done.
#  Last modified 2021-06-16 12:07:15.4445904
#  File has been updated.
#  Successfully updated.

Drivers/STM32F4xx_HAL_Driver/Inc/stm32f4xx_hal_exti.h:
#  Implicit rule search has been done.
#  Last modified 2021-06-11 13:45:30.6746922
#  File has been updated.
#  Successfully updated.

Middlewares/Third_Party/FreeRTOS/Source/include/event_groups.h:
#  Implicit rule search has been done.
#  Last modified 2021-06-11 13:45:30.8064474
#  File has been updated.
#  Successfully updated.

Drivers/STM32F4xx_HAL_Driver/Inc/stm32f4xx_hal_flash_ramfunc.h:
#  Implicit rule search has been done.
#  Last modified 2021-06-11 13:45:30.6765823
#  File has been updated.
#  Successfully updated.

build/stm32f4xx_hal_tim.o: Drivers/STM32F4xx_HAL_Driver/Src/stm32f4xx_hal_tim.c Makefile Drivers/STM32F4xx_HAL_Driver/Src/stm32f4xx_hal_tim.c Drivers/STM32F4xx_HAL_Driver/Inc/stm32f4xx_hal.h Core/Inc/stm32f4xx_hal_conf.h Drivers/STM32F4xx_HAL_Driver/Inc/stm32f4xx_hal_rcc.h Drivers/STM32F4xx_HAL_Driver/Inc/stm32f4xx_hal_def.h Drivers/CMSIS/Device/ST/STM32F4xx/Include/stm32f4xx.h Drivers/CMSIS/Device/ST/STM32F4xx/Include/stm32f446xx.h Drivers/CMSIS/Include/core_cm4.h Drivers/CMSIS/Include/cmsis_version.h Drivers/CMSIS/Include/cmsis_compiler.h Drivers/CMSIS/Include/cmsis_gcc.h Drivers/CMSIS/Include/mpu_armv7.h Drivers/CMSIS/Device/ST/STM32F4xx/Include/system_stm32f4xx.h Drivers/STM32F4xx_HAL_Driver/Inc/Legacy/stm32_hal_legacy.h Drivers/STM32F4xx_HAL_Driver/Inc/stm32f4xx_hal_rcc_ex.h Drivers/STM32F4xx_HAL_Driver/Inc/stm32f4xx_hal_gpio.h Drivers/STM32F4xx_HAL_Driver/Inc/stm32f4xx_hal_gpio_ex.h Drivers/STM32F4xx_HAL_Driver/Inc/stm32f4xx_hal_exti.h Drivers/STM32F4xx_HAL_Driver/Inc/stm32f4xx_hal_dma.h Drivers/STM32F4xx_HAL_Driver/Inc/stm32f4xx_hal_dma_ex.h Drivers/STM32F4xx_HAL_Driver/Inc/stm32f4xx_hal_cortex.h Drivers/STM32F4xx_HAL_Driver/Inc/stm32f4xx_hal_flash.h Drivers/STM32F4xx_HAL_Driver/Inc/stm32f4xx_hal_flash_ex.h Drivers/STM32F4xx_HAL_Driver/Inc/stm32f4xx_hal_flash_ramfunc.h Drivers/STM32F4xx_HAL_Driver/Inc/stm32f4xx_hal_i2c.h Drivers/STM32F4xx_HAL_Driver/Inc/stm32f4xx_hal_i2c_ex.h Drivers/STM32F4xx_HAL_Driver/Inc/stm32f4xx_hal_pwr.h Drivers/STM32F4xx_HAL_Driver/Inc/stm32f4xx_hal_pwr_ex.h Drivers/STM32F4xx_HAL_Driver/Inc/stm32f4xx_hal_uart.h | build
#  Implicit rule search has been done.
#  Implicit/static pattern stem: 'stm32f4xx_hal_tim'
#  Last modified 2021-06-16 12:07:18.2611006
#  File has been updated.
#  Successfully updated.
#  recipe to execute (from 'Makefile', line 179):
	$(CC) -c $(CFLAGS) -Wa,-a,-ad,-alms=$(BUILD_DIR)/$(notdir $(<:.c=.lst)) $< -o $@

# Not a target:
Core/Src/main.c:
#  Implicit rule search has been done.
#  Last modified 2021-06-25 22:07:05.3986604
#  File has been updated.
#  Successfully updated.

Drivers/CMSIS/Device/ST/STM32F4xx/Include/system_stm32f4xx.h:
#  Implicit rule search has been done.
#  Last modified 2021-06-11 13:45:29.9084121
#  File has been updated.
#  Successfully updated.

build/stm32f4xx_hal_i2c_ex.o: Drivers/STM32F4xx_HAL_Driver/Src/stm32f4xx_hal_i2c_ex.c Makefile Drivers/STM32F4xx_HAL_Driver/Src/stm32f4xx_hal_i2c_ex.c Drivers/STM32F4xx_HAL_Driver/Inc/stm32f4xx_hal.h Core/Inc/stm32f4xx_hal_conf.h Drivers/STM32F4xx_HAL_Driver/Inc/stm32f4xx_hal_rcc.h Drivers/STM32F4xx_HAL_Driver/Inc/stm32f4xx_hal_def.h Drivers/CMSIS/Device/ST/STM32F4xx/Include/stm32f4xx.h Drivers/CMSIS/Device/ST/STM32F4xx/Include/stm32f446xx.h Drivers/CMSIS/Include/core_cm4.h Drivers/CMSIS/Include/cmsis_version.h Drivers/CMSIS/Include/cmsis_compiler.h Drivers/CMSIS/Include/cmsis_gcc.h Drivers/CMSIS/Include/mpu_armv7.h Drivers/CMSIS/Device/ST/STM32F4xx/Include/system_stm32f4xx.h Drivers/STM32F4xx_HAL_Driver/Inc/Legacy/stm32_hal_legacy.h Drivers/STM32F4xx_HAL_Driver/Inc/stm32f4xx_hal_rcc_ex.h Drivers/STM32F4xx_HAL_Driver/Inc/stm32f4xx_hal_gpio.h Drivers/STM32F4xx_HAL_Driver/Inc/stm32f4xx_hal_gpio_ex.h Drivers/STM32F4xx_HAL_Driver/Inc/stm32f4xx_hal_exti.h Drivers/STM32F4xx_HAL_Driver/Inc/stm32f4xx_hal_dma.h Drivers/STM32F4xx_HAL_Driver/Inc/stm32f4xx_hal_dma_ex.h Drivers/STM32F4xx_HAL_Driver/Inc/stm32f4xx_hal_cortex.h Drivers/STM32F4xx_HAL_Driver/Inc/stm32f4xx_hal_flash.h Drivers/STM32F4xx_HAL_Driver/Inc/stm32f4xx_hal_flash_ex.h Drivers/STM32F4xx_HAL_Driver/Inc/stm32f4xx_hal_flash_ramfunc.h Drivers/STM32F4xx_HAL_Driver/Inc/stm32f4xx_hal_i2c.h Drivers/STM32F4xx_HAL_Driver/Inc/stm32f4xx_hal_i2c_ex.h Drivers/STM32F4xx_HAL_Driver/Inc/stm32f4xx_hal_pwr.h Drivers/STM32F4xx_HAL_Driver/Inc/stm32f4xx_hal_pwr_ex.h Drivers/STM32F4xx_HAL_Driver/Inc/stm32f4xx_hal_uart.h | build
#  Implicit rule search has been done.
#  Implicit/static pattern stem: 'stm32f4xx_hal_i2c_ex'
#  Last modified 2021-06-16 12:07:18.1863411
#  File has been updated.
#  Successfully updated.
#  recipe to execute (from 'Makefile', line 179):
	$(CC) -c $(CFLAGS) -Wa,-a,-ad,-alms=$(BUILD_DIR)/$(notdir $(<:.c=.lst)) $< -o $@

# Not a target:
build/main.d:
#  Implicit rule search has been done.
#  Last modified 2021-06-28 14:09:05.5224829
#  File has been updated.
#  Successfully updated.

build/timers.o: Middlewares/Third_Party/FreeRTOS/Source/timers.c Makefile Middlewares/Third_Party/FreeRTOS/Source/timers.c Middlewares/Third_Party/FreeRTOS/Source/include/FreeRTOS.h Core/Inc/FreeRTOSConfig.h Middlewares/Third_Party/FreeRTOS/Source/include/projdefs.h Middlewares/Third_Party/FreeRTOS/Source/include/portable.h Middlewares/Third_Party/FreeRTOS/Source/include/deprecated_definitions.h Middlewares/Third_Party/FreeRTOS/Source/portable/GCC/ARM_CM4F/portmacro.h Middlewares/Third_Party/FreeRTOS/Source/include/mpu_wrappers.h Middlewares/Third_Party/FreeRTOS/Source/include/task.h Middlewares/Third_Party/FreeRTOS/Source/include/list.h Middlewares/Third_Party/FreeRTOS/Source/include/queue.h Middlewares/Third_Party/FreeRTOS/Source/include/task.h Middlewares/Third_Party/FreeRTOS/Source/include/timers.h | build
#  Implicit rule search has been done.
#  Implicit/static pattern stem: 'timers'
#  Last modified 2021-06-16 12:07:20.3258361
#  File has been updated.
#  Successfully updated.
#  recipe to execute (from 'Makefile', line 179):
	$(CC) -c $(CFLAGS) -Wa,-a,-ad,-alms=$(BUILD_DIR)/$(notdir $(<:.c=.lst)) $< -o $@

# Not a target:
build/stm32f4xx_hal_cortex.d:
#  Implicit rule search has been done.
#  Last modified 2021-06-16 12:07:16.511374
#  File has been updated.
#  Successfully updated.

# Not a target:
Drivers/STM32F4xx_HAL_Driver/Src/stm32f4xx_hal_exti.c:
#  Implicit rule search has been done.
#  Last modified 2021-06-11 13:45:30.7457027
#  File has been updated.
#  Successfully updated.

build/stm32f4xx_hal_pwr.o: Drivers/STM32F4xx_HAL_Driver/Src/stm32f4xx_hal_pwr.c Makefile Drivers/STM32F4xx_HAL_Driver/Src/stm32f4xx_hal_pwr.c Drivers/STM32F4xx_HAL_Driver/Inc/stm32f4xx_hal.h Core/Inc/stm32f4xx_hal_conf.h Drivers/STM32F4xx_HAL_Driver/Inc/stm32f4xx_hal_rcc.h Drivers/STM32F4xx_HAL_Driver/Inc/stm32f4xx_hal_def.h Drivers/CMSIS/Device/ST/STM32F4xx/Include/stm32f4xx.h Drivers/CMSIS/Device/ST/STM32F4xx/Include/stm32f446xx.h Drivers/CMSIS/Include/core_cm4.h Drivers/CMSIS/Include/cmsis_version.h Drivers/CMSIS/Include/cmsis_compiler.h Drivers/CMSIS/Include/cmsis_gcc.h Drivers/CMSIS/Include/mpu_armv7.h Drivers/CMSIS/Device/ST/STM32F4xx/Include/system_stm32f4xx.h Drivers/STM32F4xx_HAL_Driver/Inc/Legacy/stm32_hal_legacy.h Drivers/STM32F4xx_HAL_Driver/Inc/stm32f4xx_hal_rcc_ex.h Drivers/STM32F4xx_HAL_Driver/Inc/stm32f4xx_hal_gpio.h Drivers/STM32F4xx_HAL_Driver/Inc/stm32f4xx_hal_gpio_ex.h Drivers/STM32F4xx_HAL_Driver/Inc/stm32f4xx_hal_exti.h Drivers/STM32F4xx_HAL_Driver/Inc/stm32f4xx_hal_dma.h Drivers/STM32F4xx_HAL_Driver/Inc/stm32f4xx_hal_dma_ex.h Drivers/STM32F4xx_HAL_Driver/Inc/stm32f4xx_hal_cortex.h Drivers/STM32F4xx_HAL_Driver/Inc/stm32f4xx_hal_flash.h Drivers/STM32F4xx_HAL_Driver/Inc/stm32f4xx_hal_flash_ex.h Drivers/STM32F4xx_HAL_Driver/Inc/stm32f4xx_hal_flash_ramfunc.h Drivers/STM32F4xx_HAL_Driver/Inc/stm32f4xx_hal_i2c.h Drivers/STM32F4xx_HAL_Driver/Inc/stm32f4xx_hal_i2c_ex.h Drivers/STM32F4xx_HAL_Driver/Inc/stm32f4xx_hal_pwr.h Drivers/STM32F4xx_HAL_Driver/Inc/stm32f4xx_hal_pwr_ex.h Drivers/STM32F4xx_HAL_Driver/Inc/stm32f4xx_hal_uart.h | build
#  Implicit rule search has been done.
#  Implicit/static pattern stem: 'stm32f4xx_hal_pwr'
#  Last modified 2021-06-16 12:07:16.3187347
#  File has been updated.
#  Successfully updated.
#  recipe to execute (from 'Makefile', line 179):
	$(CC) -c $(CFLAGS) -Wa,-a,-ad,-alms=$(BUILD_DIR)/$(notdir $(<:.c=.lst)) $< -o $@

# Not a target:
Drivers/STM32F4xx_HAL_Driver/Src/stm32f4xx_hal_flash_ramfunc.c:
#  Implicit rule search has been done.
#  Last modified 2021-06-11 13:45:30.7479485
#  File has been updated.
#  Successfully updated.

Drivers/STM32F4xx_HAL_Driver/Inc/stm32f4xx_hal_gpio_ex.h:
#  Implicit rule search has been done.
#  Last modified 2021-06-11 13:45:30.681556
#  File has been updated.
#  Successfully updated.

Drivers/STM32F4xx_HAL_Driver/Inc/Legacy/stm32_hal_legacy.h:
#  Implicit rule search has been done.
#  Last modified 2021-06-11 13:45:30.6618568
#  File has been updated.
#  Successfully updated.

Middlewares/Third_Party/FreeRTOS/Source/CMSIS_RTOS/cmsis_os.h:
#  Implicit rule search has been done.
#  Last modified 2021-06-16 15:11:46.8831213
#  File has been updated.
#  Successfully updated.

Drivers/CMSIS/Include/core_cm4.h:
#  Implicit rule search has been done.
 
#  Last modified 2021-06-11 13:45:29.9505144
#  File has been updated.
#  Successfully updated.

Core/Inc/FreeRTOSConfig.h:
#  Implicit rule search has been done.
#  Last modified 2021-06-11 21:05:52.187896
#  File has been updated.
#  Successfully updated.

# Not a target:
Middlewares/Third_Party/FreeRTOS/Source/portable/MemMang/heap_4.c:
#  Implicit rule search has been done.
#  Last modified 2021-06-11 13:45:30.8181366
#  File has been updated.
#  Successfully updated.

# Not a target:
build/heap_4.d:
#  Implicit rule search has been done.
#  Last modified 2021-06-16 12:07:20.5657204
#  File has been updated.
#  Successfully updated.

build/croutine.o: Middlewares/Third_Party/FreeRTOS/Source/croutine.c Makefile Middlewares/Third_Party/FreeRTOS/Source/croutine.c Middlewares/Third_Party/FreeRTOS/Source/include/FreeRTOS.h Core/Inc/FreeRTOSConfig.h Middlewares/Third_Party/FreeRTOS/Source/include/projdefs.h Middlewares/Third_Party/FreeRTOS/Source/include/portable.h Middlewares/Third_Party/FreeRTOS/Source/include/deprecated_definitions.h Middlewares/Third_Party/FreeRTOS/Source/portable/GCC/ARM_CM4F/portmacro.h Middlewares/Third_Party/FreeRTOS/Source/include/mpu_wrappers.h Middlewares/Third_Party/FreeRTOS/Source/include/task.h Middlewares/Third_Party/FreeRTOS/Source/include/list.h Middlewares/Third_Party/FreeRTOS/Source/include/croutine.h | build
#  Implicit rule search has been done.
#  Implicit/static pattern stem: 'croutine'
#  Last modified 2021-06-16 12:07:18.9920084
#  File has been updated.
#  Successfully updated.
#  recipe to execute (from 'Makefile', line 179):
	$(CC) -c $(CFLAGS) -Wa,-a,-ad,-alms=$(BUILD_DIR)/$(notdir $(<:.c=.lst)) $< -o $@

Drivers/CMSIS/Include/mpu_armv7.h:
#  Implicit rule search has been done.
#  Last modified 2021-06-11 13:45:29.9529519
#  File has been updated.
#  Successfully updated.

Core/Inc/stm32f4xx_it.h:
#  Implicit rule search has been done.
#  Last modified 2021-06-11 21:05:52.1885063
#  File has been updated.
#  Successfully updated.

# Not a target:
Drivers/STM32F4xx_HAL_Driver/Src/stm32f4xx_hal_rcc_ex.c:
#  Implicit rule search has been done.
#  Last modified 2021-06-11 13:45:30.7774212
#  File has been updated.
#  Successfully updated.

Middlewares/Third_Party/FreeRTOS/Source/include/stream_buffer.h:
#  Implicit rule search has been done.
#  Last modified 2021-06-11 13:45:30.8117583
#  File has been updated.
#  Successfully updated.

Middlewares/Third_Party/FreeRTOS/Source/include/deprecated_definitions.h:
#  Implicit rule search has been done.
#  Last modified 2021-06-11 13:45:30.8060419
#  File has been updated.
#  Successfully updated.

# Not a target:
Middlewares/Third_Party/FreeRTOS/Source/event_groups.c:
#  Implicit rule search has been done.
#  Last modified 2021-06-11 13:45:30.8043425
#  File has been updated.
#  Successfully updated.

Middlewares/Third_Party/FreeRTOS/Source/include/queue.h:
#  Implicit rule search has been done.
#  Last modified 2021-06-11 13:45:30.8099013
#  File has been updated.
#  Successfully updated.

# Not a target:
Core/Src/stm32f4xx_hal_msp.c:
#  Implicit rule search has been done.
#  Last modified 2021-06-11 21:05:52.1890866
#  File has been updated.
#  Successfully updated.

# Not a target:
build/freertos.d:
#  Implicit rule search has been done.
#  Last modified 2021-06-16 12:07:14.7514356
#  File has been updated.
#  Successfully updated.

# Not a target:
Drivers/STM32F4xx_HAL_Driver/Src/stm32f4xx_hal_rcc.c:
#  Implicit rule search has been done.
#  Last modified 2021-06-11 13:45:30.7760099
#  File has been updated.
#  Successfully updated.

build/STM32F446RE_RF_WSN.bin: build/STM32F446RE_RF_WSN.elf | build
#  Implicit rule search has been done.
#  Implicit/static pattern stem: 'STM32F446RE_RF_WSN'
#  Last modified 2021-06-28 14:09:06.594661
#  File has been updated.
#  Successfully updated.
#  recipe to execute (from 'Makefile', line 192):
	$(BIN) $< $@	
	

build/tasks.o: Middlewares/Third_Party/FreeRTOS/Source/tasks.c Makefile Middlewares/Third_Party/FreeRTOS/Source/tasks.c Middlewares/Third_Party/FreeRTOS/Source/include/FreeRTOS.h Core/Inc/FreeRTOSConfig.h Middlewares/Third_Party/FreeRTOS/Source/include/projdefs.h Middlewares/Third_Party/FreeRTOS/Source/include/portable.h Middlewares/Third_Party/FreeRTOS/Source/include/deprecated_definitions.h Middlewares/Third_Party/FreeRTOS/Source/portable/GCC/ARM_CM4F/portmacro.h Middlewares/Third_Party/FreeRTOS/Source/include/mpu_wrappers.h Middlewares/Third_Party/FreeRTOS/Source/include/task.h Middlewares/Third_Party/FreeRTOS/Source/include/list.h Middlewares/Third_Party/FreeRTOS/Source/include/timers.h Middlewares/Third_Party/FreeRTOS/Source/include/task.h Middlewares/Third_Party/FreeRTOS/Source/include/stack_macros.h | build
#  Implicit rule search has been done.
#  Implicit/static pattern stem: 'tasks'
#  Last modified 2021-06-16 12:07:20.1633639
#  File has been updated.
#  Successfully updated.
#  recipe to execute (from 'Makefile', line 179):
	$(CC) -c $(CFLAGS) -Wa,-a,-ad,-alms=$(BUILD_DIR)/$(notdir $(<:.c=.lst)) $< -o $@

# Not a target:
build/stm32f4xx_hal_msp.d:
#  Implicit rule search has been done.
#  Last modified 2021-06-16 12:07:14.9596208
#  File has been updated.
#  Successfully updated.

Drivers/STM32F4xx_HAL_Driver/Inc/stm32f4xx_hal_i2c.h:
#  Implicit rule search has been done.
#  Last modified 2021-06-11 13:45:30.6839559
#  File has been updated.
#  Successfully updated.

# Not a target:
build/stm32f4xx_hal_gpio.d:
#  Implicit rule search has been done.
#  Last modified 2021-06-16 12:07:15.8524759
#  File has been updated.
#  Successfully updated.

build/STM32F446RE_RF_WSN.hex: build/STM32F446RE_RF_WSN.elf | build
#  Implicit rule search has been done.
#  Implicit/static pattern stem: 'STM32F446RE_RF_WSN'
#  Last modified 2021-06-28 14:09:06.5901071
#  File has been updated.
#  Successfully updated.
#  recipe to execute (from 'Makefile', line 189):
	$(HEX) $< $@
	

build/stm32f4xx_hal_dma.o: Drivers/STM32F4xx_HAL_Driver/Src/stm32f4xx_hal_dma.c Makefile Drivers/STM32F4xx_HAL_Driver/Src/stm32f4xx_hal_dma.c Drivers/STM32F4xx_HAL_Driver/Inc/stm32f4xx_hal.h Core/Inc/stm32f4xx_hal_conf.h Drivers/STM32F4xx_HAL_Driver/Inc/stm32f4xx_hal_rcc.h Drivers/STM32F4xx_HAL_Driver/Inc/stm32f4xx_hal_def.h Drivers/CMSIS/Device/ST/STM32F4xx/Include/stm32f4xx.h Drivers/CMSIS/Device/ST/STM32F4xx/Include/stm32f446xx.h Drivers/CMSIS/Include/core_cm4.h Drivers/CMSIS/Include/cmsis_version.h Drivers/CMSIS/Include/cmsis_compiler.h Drivers/CMSIS/Include/cmsis_gcc.h Drivers/CMSIS/Include/mpu_armv7.h Drivers/CMSIS/Device/ST/STM32F4xx/Include/system_stm32f4xx.h Drivers/STM32F4xx_HAL_Driver/Inc/Legacy/stm32_hal_legacy.h Drivers/STM32F4xx_HAL_Driver/Inc/stm32f4xx_hal_rcc_ex.h Drivers/STM32F4xx_HAL_Driver/Inc/stm32f4xx_hal_gpio.h Drivers/STM32F4xx_HAL_Driver/Inc/stm32f4xx_hal_gpio_ex.h Drivers/STM32F4xx_HAL_Driver/Inc/stm32f4xx_hal_exti.h Drivers/STM32F4xx_HAL_Driver/Inc/stm32f4xx_hal_dma.h Drivers/STM32F4xx_HAL_Driver/Inc/stm32f4xx_hal_dma_ex.h Drivers/STM32F4xx_HAL_Driver/Inc/stm32f4xx_hal_cortex.h Drivers/STM32F4xx_HAL_Driver/Inc/stm32f4xx_hal_flash.h Drivers/STM32F4xx_HAL_Driver/Inc/stm32f4xx_hal_flash_ex.h Drivers/STM32F4xx_HAL_Driver/Inc/stm32f4xx_hal_flash_ramfunc.h Drivers/STM32F4xx_HAL_Driver/Inc/stm32f4xx_hal_i2c.h Drivers/STM32F4xx_HAL_Driver/Inc/stm32f4xx_hal_i2c_ex.h Drivers/STM32F4xx_HAL_Driver/Inc/stm32f4xx_hal_pwr.h Drivers/STM32F4xx_HAL_Driver/Inc/stm32f4xx_hal_pwr_ex.h Drivers/STM32F4xx_HAL_Driver/Inc/stm32f4xx_hal_uart.h | build
#  Implicit rule search has been done.
#  Implicit/static pattern stem: 'stm32f4xx_hal_dma'
#  Last modified 2021-06-16 12:07:16.209194
#  File has been updated.
#  Successfully updated.
#  recipe to execute (from 'Makefile', line 179):
	$(CC) -c $(CFLAGS) -Wa,-a,-ad,-alms=$(BUILD_DIR)/$(notdir $(<:.c=.lst)) $< -o $@

build/stm32f4xx_hal_tim_ex.o: Drivers/STM32F4xx_HAL_Driver/Src/stm32f4xx_hal_tim_ex.c Makefile Drivers/STM32F4xx_HAL_Driver/Src/stm32f4xx_hal_tim_ex.c Drivers/STM32F4xx_HAL_Driver/Inc/stm32f4xx_hal.h Core/Inc/stm32f4xx_hal_conf.h Drivers/STM32F4xx_HAL_Driver/Inc/stm32f4xx_hal_rcc.h Drivers/STM32F4xx_HAL_Driver/Inc/stm32f4xx_hal_def.h Drivers/CMSIS/Device/ST/STM32F4xx/Include/stm32f4xx.h Drivers/CMSIS/Device/ST/STM32F4xx/Include/stm32f446xx.h Drivers/CMSIS/Include/core_cm4.h Drivers/CMSIS/Include/cmsis_version.h Drivers/CMSIS/Include/cmsis_compiler.h Drivers/CMSIS/Include/cmsis_gcc.h Drivers/CMSIS/Include/mpu_armv7.h Drivers/CMSIS/Device/ST/STM32F4xx/Include/system_stm32f4xx.h Drivers/STM32F4xx_HAL_Driver/Inc/Legacy/stm32_hal_legacy.h Drivers/STM32F4xx_HAL_Driver/Inc/stm32f4xx_hal_rcc_ex.h Drivers/STM32F4xx_HAL_Driver/Inc/stm32f4xx_hal_gpio.h Drivers/STM32F4xx_HAL_Driver/Inc/stm32f4xx_hal_gpio_ex.h Drivers/STM32F4xx_HAL_Driver/Inc/stm32f4xx_hal_exti.h Drivers/STM32F4xx_HAL_Driver/Inc/stm32f4xx_hal_dma.h Drivers/STM32F4xx_HAL_Driver/Inc/stm32f4xx_hal_dma_ex.h Drivers/STM32F4xx_HAL_Driver/Inc/stm32f4xx_hal_cortex.h Drivers/STM32F4xx_HAL_Driver/Inc/stm32f4xx_hal_flash.h Drivers/STM32F4xx_HAL_Driver/Inc/stm32f4xx_hal_flash_ex.h Drivers/STM32F4xx_HAL_Driver/Inc/stm32f4xx_hal_flash_ramfunc.h Drivers/STM32F4xx_HAL_Driver/Inc/stm32f4xx_hal_i2c.h Drivers/STM32F4xx_HAL_Driver/Inc/stm32f4xx_hal_i2c_ex.h Drivers/STM32F4xx_HAL_Driver/Inc/stm32f4xx_hal_pwr.h Drivers/STM32F4xx_HAL_Driver/Inc/stm32f4xx_hal_pwr_ex.h Drivers/STM32F4xx_HAL_Driver/Inc/stm32f4xx_hal_uart.h | build
#  Implicit rule search has been done.
#  Implicit/static pattern stem: 'stm32f4xx_hal_tim_ex'
#  Last modified 2021-06-16 12:07:18.3380618
#  File has been updated.
#  Successfully updated.
#  recipe to execute (from 'Makefile', line 179):
	$(CC) -c $(CFLAGS) -Wa,-a,-ad,-alms=$(BUILD_DIR)/$(notdir $(<:.c=.lst)) $< -o $@

# Not a target:
build/stm32f4xx_hal.d:
#  Implicit rule search has been done.
#  Last modified 2021-06-16 12:07:16.6217698
#  File has been updated.
#  Successfully updated.

Drivers/STM32F4xx_HAL_Driver/Inc/stm32f4xx_hal_uart.h:
#  Implicit rule search has been done.
#  Last modified 2021-06-11 13:45:30.7034167
#  File has been updated.
#  Successfully updated.

build/list.o: Middlewares/Third_Party/FreeRTOS/Source/list.c Makefile Middlewares/Third_Party/FreeRTOS/Source/list.c Middlewares/Third_Party/FreeRTOS/Source/include/FreeRTOS.h Core/Inc/FreeRTOSConfig.h Middlewares/Third_Party/FreeRTOS/Source/include/projdefs.h Middlewares/Third_Party/FreeRTOS/Source/include/portable.h Middlewares/Third_Party/FreeRTOS/Source/include/deprecated_definitions.h Middlewares/Third_Party/FreeRTOS/Source/portable/GCC/ARM_CM4F/portmacro.h Middlewares/Third_Party/FreeRTOS/Source/include/mpu_wrappers.h Middlewares/Third_Party/FreeRTOS/Source/include/list.h | build
#  Implicit rule search has been done.
#  Implicit/static pattern stem: 'list'
#  Last modified 2021-06-16 12:07:19.1935955
#  File has been updated.
#  Successfully updated.
#  recipe to execute (from 'Makefile', line 179):
	$(CC) -c $(CFLAGS) -Wa,-a,-ad,-alms=$(BUILD_DIR)/$(notdir $(<:.c=.lst)) $< -o $@

# Not a target:
build/stm32f4xx_hal_flash_ex.d:
#  Implicit rule search has been done.
#  Last modified 2021-06-16 12:07:15.6063745
#  File has been updated.
#  Successfully updated.

# Not a target:
build/stm32f4xx_hal_rcc.d:
#  Implicit rule search has been done.
#  Last modified 2021-06-16 12:07:15.0897881
#  File has been updated.
#  Successfully updated.

# Not a target:
build/event_groups.d:
#  Implicit rule search has been done.
#  Last modified 2021-06-16 12:07:19.0484996
#  File has been updated.
#  Successfully updated.

# Not a target:
Drivers/STM32F4xx_HAL_Driver/Src/stm32f4xx_hal_i2c.c:
#  Implicit rule search has been done.
#  Last modified 2021-06-11 13:45:30.7621326
#  File has been updated.
#  Successfully updated.

# files hash-table stats:
# Load=158/1024=15%, Rehash=0, Collisions=361/2476=15%
# VPATH Search Paths

vpath %.c Core/Src:Drivers/STM32F4xx_HAL_Driver/Src:Middlewares/Third_Party/FreeRTOS/Source:Middlewares/Third_Party/FreeRTOS/Source/CMSIS_RTOS:Middlewares/Third_Party/FreeRTOS/Source/portable/GCC/ARM_CM4F:Middlewares/Third_Party/FreeRTOS/Source/portable/MemMang

# 1 'vpath' search paths.

# No general ('VPATH' variable) search path.

# strcache buffers: 2 (0) / strings = 446 / storage = 11181 B / avg = 25 B
# current buf: size = 8162 B / used = 3076 B / count = 160 / avg = 19 B
# other used: total = 3019 B / count = 286 / avg = 10 B
# other free: total = 57 B / max = 57 B / min = 57 B / avg = 57 B

# strcache performance: lookups = 3211 / hit rate = 86%
# hash-table stats:
# Load=446/8192=5%, Rehash=0, Collisions=162/3211=5%
# Finished Make data base on Mon Jun 28 14:25:50 2021

 
