ARM GAS  /tmp/ccFCom32.s 			page 1


   1              		.cpu cortex-m4
   2              		.eabi_attribute 27, 1
   3              		.eabi_attribute 28, 1
   4              		.eabi_attribute 20, 1
   5              		.eabi_attribute 21, 1
   6              		.eabi_attribute 23, 3
   7              		.eabi_attribute 24, 1
   8              		.eabi_attribute 25, 1
   9              		.eabi_attribute 26, 1
  10              		.eabi_attribute 30, 1
  11              		.eabi_attribute 34, 1
  12              		.eabi_attribute 18, 4
  13              		.file	"stm32f4xx_hal_timebase_tim.c"
  14              		.text
  15              	.Ltext0:
  16              		.cfi_sections	.debug_frame
  17              		.section	.text.HAL_InitTick,"ax",%progbits
  18              		.align	1
  19              		.global	HAL_InitTick
  20              		.syntax unified
  21              		.thumb
  22              		.thumb_func
  23              		.fpu fpv4-sp-d16
  25              	HAL_InitTick:
  26              	.LFB130:
  27              		.file 1 "Core/Src/stm32f4xx_hal_timebase_tim.c"
   1:Core/Src/stm32f4xx_hal_timebase_tim.c **** /* USER CODE BEGIN Header */
   2:Core/Src/stm32f4xx_hal_timebase_tim.c **** /**
   3:Core/Src/stm32f4xx_hal_timebase_tim.c ****   ******************************************************************************
   4:Core/Src/stm32f4xx_hal_timebase_tim.c ****   * @file    stm32f4xx_hal_timebase_TIM.c
   5:Core/Src/stm32f4xx_hal_timebase_tim.c ****   * @brief   HAL time base based on the hardware TIM.
   6:Core/Src/stm32f4xx_hal_timebase_tim.c ****   ******************************************************************************
   7:Core/Src/stm32f4xx_hal_timebase_tim.c ****   * @attention
   8:Core/Src/stm32f4xx_hal_timebase_tim.c ****   *
   9:Core/Src/stm32f4xx_hal_timebase_tim.c ****   * <h2><center>&copy; Copyright (c) 2021 STMicroelectronics.
  10:Core/Src/stm32f4xx_hal_timebase_tim.c ****   * All rights reserved.</center></h2>
  11:Core/Src/stm32f4xx_hal_timebase_tim.c ****   *
  12:Core/Src/stm32f4xx_hal_timebase_tim.c ****   * This software component is licensed by ST under Ultimate Liberty license
  13:Core/Src/stm32f4xx_hal_timebase_tim.c ****   * SLA0044, the "License"; You may not use this file except in compliance with
  14:Core/Src/stm32f4xx_hal_timebase_tim.c ****   * the License. You may obtain a copy of the License at:
  15:Core/Src/stm32f4xx_hal_timebase_tim.c ****   *                             www.st.com/SLA0044
  16:Core/Src/stm32f4xx_hal_timebase_tim.c ****   *
  17:Core/Src/stm32f4xx_hal_timebase_tim.c ****   ******************************************************************************
  18:Core/Src/stm32f4xx_hal_timebase_tim.c ****   */
  19:Core/Src/stm32f4xx_hal_timebase_tim.c **** /* USER CODE END Header */
  20:Core/Src/stm32f4xx_hal_timebase_tim.c **** 
  21:Core/Src/stm32f4xx_hal_timebase_tim.c **** /* Includes ------------------------------------------------------------------*/
  22:Core/Src/stm32f4xx_hal_timebase_tim.c **** #include "stm32f4xx_hal.h"
  23:Core/Src/stm32f4xx_hal_timebase_tim.c **** #include "stm32f4xx_hal_tim.h"
  24:Core/Src/stm32f4xx_hal_timebase_tim.c **** 
  25:Core/Src/stm32f4xx_hal_timebase_tim.c **** /* Private typedef -----------------------------------------------------------*/
  26:Core/Src/stm32f4xx_hal_timebase_tim.c **** /* Private define ------------------------------------------------------------*/
  27:Core/Src/stm32f4xx_hal_timebase_tim.c **** /* Private macro -------------------------------------------------------------*/
  28:Core/Src/stm32f4xx_hal_timebase_tim.c **** /* Private variables ---------------------------------------------------------*/
  29:Core/Src/stm32f4xx_hal_timebase_tim.c **** TIM_HandleTypeDef        htim1;
  30:Core/Src/stm32f4xx_hal_timebase_tim.c **** /* Private function prototypes -----------------------------------------------*/
  31:Core/Src/stm32f4xx_hal_timebase_tim.c **** /* Private functions ---------------------------------------------------------*/
ARM GAS  /tmp/ccFCom32.s 			page 2


  32:Core/Src/stm32f4xx_hal_timebase_tim.c **** 
  33:Core/Src/stm32f4xx_hal_timebase_tim.c **** /**
  34:Core/Src/stm32f4xx_hal_timebase_tim.c ****   * @brief  This function configures the TIM1 as a time base source.
  35:Core/Src/stm32f4xx_hal_timebase_tim.c ****   *         The time source is configured  to have 1ms time base with a dedicated
  36:Core/Src/stm32f4xx_hal_timebase_tim.c ****   *         Tick interrupt priority.
  37:Core/Src/stm32f4xx_hal_timebase_tim.c ****   * @note   This function is called  automatically at the beginning of program after
  38:Core/Src/stm32f4xx_hal_timebase_tim.c ****   *         reset by HAL_Init() or at any time when clock is configured, by HAL_RCC_ClockConfig().
  39:Core/Src/stm32f4xx_hal_timebase_tim.c ****   * @param  TickPriority: Tick interrupt priority.
  40:Core/Src/stm32f4xx_hal_timebase_tim.c ****   * @retval HAL status
  41:Core/Src/stm32f4xx_hal_timebase_tim.c ****   */
  42:Core/Src/stm32f4xx_hal_timebase_tim.c **** HAL_StatusTypeDef HAL_InitTick(uint32_t TickPriority)
  43:Core/Src/stm32f4xx_hal_timebase_tim.c **** {
  28              		.loc 1 43 0
  29              		.cfi_startproc
  30              		@ args = 0, pretend = 0, frame = 32
  31              		@ frame_needed = 0, uses_anonymous_args = 0
  32              	.LVL0:
  33 0000 10B5     		push	{r4, lr}
  34              	.LCFI0:
  35              		.cfi_def_cfa_offset 8
  36              		.cfi_offset 4, -8
  37              		.cfi_offset 14, -4
  38 0002 88B0     		sub	sp, sp, #32
  39              	.LCFI1:
  40              		.cfi_def_cfa_offset 40
  41              	.LVL1:
  44:Core/Src/stm32f4xx_hal_timebase_tim.c ****   RCC_ClkInitTypeDef    clkconfig;
  45:Core/Src/stm32f4xx_hal_timebase_tim.c ****   uint32_t              uwTimclock = 0;
  46:Core/Src/stm32f4xx_hal_timebase_tim.c ****   uint32_t              uwPrescalerValue = 0;
  47:Core/Src/stm32f4xx_hal_timebase_tim.c ****   uint32_t              pFLatency;
  48:Core/Src/stm32f4xx_hal_timebase_tim.c ****   /*Configure the TIM1 IRQ priority */
  49:Core/Src/stm32f4xx_hal_timebase_tim.c ****   HAL_NVIC_SetPriority(TIM1_UP_TIM10_IRQn, TickPriority ,0);
  42              		.loc 1 49 0
  43 0004 0022     		movs	r2, #0
  44 0006 0146     		mov	r1, r0
  45 0008 1920     		movs	r0, #25
  46              	.LVL2:
  47 000a FFF7FEFF 		bl	HAL_NVIC_SetPriority
  48              	.LVL3:
  50:Core/Src/stm32f4xx_hal_timebase_tim.c **** 
  51:Core/Src/stm32f4xx_hal_timebase_tim.c ****   /* Enable the TIM1 global Interrupt */
  52:Core/Src/stm32f4xx_hal_timebase_tim.c ****   HAL_NVIC_EnableIRQ(TIM1_UP_TIM10_IRQn);
  49              		.loc 1 52 0
  50 000e 1920     		movs	r0, #25
  51 0010 FFF7FEFF 		bl	HAL_NVIC_EnableIRQ
  52              	.LVL4:
  53              	.LBB2:
  53:Core/Src/stm32f4xx_hal_timebase_tim.c ****   /* Enable TIM1 clock */
  54:Core/Src/stm32f4xx_hal_timebase_tim.c ****   __HAL_RCC_TIM1_CLK_ENABLE();
  54              		.loc 1 54 0
  55 0014 0024     		movs	r4, #0
  56 0016 0194     		str	r4, [sp, #4]
  57 0018 134B     		ldr	r3, .L6
  58 001a 5A6C     		ldr	r2, [r3, #68]
  59 001c 42F00102 		orr	r2, r2, #1
  60 0020 5A64     		str	r2, [r3, #68]
  61 0022 5B6C     		ldr	r3, [r3, #68]
ARM GAS  /tmp/ccFCom32.s 			page 3


  62 0024 03F00103 		and	r3, r3, #1
  63 0028 0193     		str	r3, [sp, #4]
  64 002a 019B     		ldr	r3, [sp, #4]
  65              	.LBE2:
  55:Core/Src/stm32f4xx_hal_timebase_tim.c **** 
  56:Core/Src/stm32f4xx_hal_timebase_tim.c ****   /* Get clock configuration */
  57:Core/Src/stm32f4xx_hal_timebase_tim.c ****   HAL_RCC_GetClockConfig(&clkconfig, &pFLatency);
  66              		.loc 1 57 0
  67 002c 02A9     		add	r1, sp, #8
  68 002e 03A8     		add	r0, sp, #12
  69 0030 FFF7FEFF 		bl	HAL_RCC_GetClockConfig
  70              	.LVL5:
  58:Core/Src/stm32f4xx_hal_timebase_tim.c **** 
  59:Core/Src/stm32f4xx_hal_timebase_tim.c ****   /* Compute TIM1 clock */
  60:Core/Src/stm32f4xx_hal_timebase_tim.c ****   uwTimclock = HAL_RCC_GetPCLK2Freq();
  71              		.loc 1 60 0
  72 0034 FFF7FEFF 		bl	HAL_RCC_GetPCLK2Freq
  73              	.LVL6:
  61:Core/Src/stm32f4xx_hal_timebase_tim.c ****   /* Compute the prescaler value to have TIM1 counter clock equal to 1MHz */
  62:Core/Src/stm32f4xx_hal_timebase_tim.c ****   uwPrescalerValue = (uint32_t) ((uwTimclock / 1000000U) - 1U);
  74              		.loc 1 62 0
  75 0038 0C4B     		ldr	r3, .L6+4
  76 003a A3FB0023 		umull	r2, r3, r3, r0
  77 003e 9B0C     		lsrs	r3, r3, #18
  78 0040 013B     		subs	r3, r3, #1
  79              	.LVL7:
  63:Core/Src/stm32f4xx_hal_timebase_tim.c **** 
  64:Core/Src/stm32f4xx_hal_timebase_tim.c ****   /* Initialize TIM1 */
  65:Core/Src/stm32f4xx_hal_timebase_tim.c ****   htim1.Instance = TIM1;
  80              		.loc 1 65 0
  81 0042 0B48     		ldr	r0, .L6+8
  82              	.LVL8:
  83 0044 0B4A     		ldr	r2, .L6+12
  84 0046 0260     		str	r2, [r0]
  66:Core/Src/stm32f4xx_hal_timebase_tim.c **** 
  67:Core/Src/stm32f4xx_hal_timebase_tim.c ****   /* Initialize TIMx peripheral as follow:
  68:Core/Src/stm32f4xx_hal_timebase_tim.c ****   + Period = [(TIM1CLK/1000) - 1]. to have a (1/1000) s time base.
  69:Core/Src/stm32f4xx_hal_timebase_tim.c ****   + Prescaler = (uwTimclock/1000000 - 1) to have a 1MHz counter clock.
  70:Core/Src/stm32f4xx_hal_timebase_tim.c ****   + ClockDivision = 0
  71:Core/Src/stm32f4xx_hal_timebase_tim.c ****   + Counter direction = Up
  72:Core/Src/stm32f4xx_hal_timebase_tim.c ****   */
  73:Core/Src/stm32f4xx_hal_timebase_tim.c ****   htim1.Init.Period = (1000000U / 1000U) - 1U;
  85              		.loc 1 73 0
  86 0048 40F2E732 		movw	r2, #999
  87 004c C260     		str	r2, [r0, #12]
  74:Core/Src/stm32f4xx_hal_timebase_tim.c ****   htim1.Init.Prescaler = uwPrescalerValue;
  88              		.loc 1 74 0
  89 004e 4360     		str	r3, [r0, #4]
  75:Core/Src/stm32f4xx_hal_timebase_tim.c ****   htim1.Init.ClockDivision = 0;
  90              		.loc 1 75 0
  91 0050 0461     		str	r4, [r0, #16]
  76:Core/Src/stm32f4xx_hal_timebase_tim.c ****   htim1.Init.CounterMode = TIM_COUNTERMODE_UP;
  92              		.loc 1 76 0
  93 0052 8460     		str	r4, [r0, #8]
  77:Core/Src/stm32f4xx_hal_timebase_tim.c ****   if(HAL_TIM_Base_Init(&htim1) == HAL_OK)
  94              		.loc 1 77 0
  95 0054 FFF7FEFF 		bl	HAL_TIM_Base_Init
ARM GAS  /tmp/ccFCom32.s 			page 4


  96              	.LVL9:
  97 0058 10B1     		cbz	r0, .L5
  78:Core/Src/stm32f4xx_hal_timebase_tim.c ****   {
  79:Core/Src/stm32f4xx_hal_timebase_tim.c ****     /* Start the TIM time Base generation in interrupt mode */
  80:Core/Src/stm32f4xx_hal_timebase_tim.c ****     return HAL_TIM_Base_Start_IT(&htim1);
  81:Core/Src/stm32f4xx_hal_timebase_tim.c ****   }
  82:Core/Src/stm32f4xx_hal_timebase_tim.c **** 
  83:Core/Src/stm32f4xx_hal_timebase_tim.c ****   /* Return function status */
  84:Core/Src/stm32f4xx_hal_timebase_tim.c ****   return HAL_ERROR;
  98              		.loc 1 84 0
  99 005a 0120     		movs	r0, #1
 100              	.L2:
  85:Core/Src/stm32f4xx_hal_timebase_tim.c **** }
 101              		.loc 1 85 0
 102 005c 08B0     		add	sp, sp, #32
 103              	.LCFI2:
 104              		.cfi_remember_state
 105              		.cfi_def_cfa_offset 8
 106              		@ sp needed
 107 005e 10BD     		pop	{r4, pc}
 108              	.L5:
 109              	.LCFI3:
 110              		.cfi_restore_state
  80:Core/Src/stm32f4xx_hal_timebase_tim.c ****   }
 111              		.loc 1 80 0
 112 0060 0348     		ldr	r0, .L6+8
 113 0062 FFF7FEFF 		bl	HAL_TIM_Base_Start_IT
 114              	.LVL10:
 115 0066 F9E7     		b	.L2
 116              	.L7:
 117              		.align	2
 118              	.L6:
 119 0068 00380240 		.word	1073887232
 120 006c 83DE1B43 		.word	1125899907
 121 0070 00000000 		.word	htim1
 122 0074 00000140 		.word	1073807360
 123              		.cfi_endproc
 124              	.LFE130:
 126              		.section	.text.HAL_SuspendTick,"ax",%progbits
 127              		.align	1
 128              		.global	HAL_SuspendTick
 129              		.syntax unified
 130              		.thumb
 131              		.thumb_func
 132              		.fpu fpv4-sp-d16
 134              	HAL_SuspendTick:
 135              	.LFB131:
  86:Core/Src/stm32f4xx_hal_timebase_tim.c **** 
  87:Core/Src/stm32f4xx_hal_timebase_tim.c **** /**
  88:Core/Src/stm32f4xx_hal_timebase_tim.c ****   * @brief  Suspend Tick increment.
  89:Core/Src/stm32f4xx_hal_timebase_tim.c ****   * @note   Disable the tick increment by disabling TIM1 update interrupt.
  90:Core/Src/stm32f4xx_hal_timebase_tim.c ****   * @param  None
  91:Core/Src/stm32f4xx_hal_timebase_tim.c ****   * @retval None
  92:Core/Src/stm32f4xx_hal_timebase_tim.c ****   */
  93:Core/Src/stm32f4xx_hal_timebase_tim.c **** void HAL_SuspendTick(void)
  94:Core/Src/stm32f4xx_hal_timebase_tim.c **** {
 136              		.loc 1 94 0
ARM GAS  /tmp/ccFCom32.s 			page 5


 137              		.cfi_startproc
 138              		@ args = 0, pretend = 0, frame = 0
 139              		@ frame_needed = 0, uses_anonymous_args = 0
 140              		@ link register save eliminated.
  95:Core/Src/stm32f4xx_hal_timebase_tim.c ****   /* Disable TIM1 update Interrupt */
  96:Core/Src/stm32f4xx_hal_timebase_tim.c ****   __HAL_TIM_DISABLE_IT(&htim1, TIM_IT_UPDATE);
 141              		.loc 1 96 0
 142 0000 034B     		ldr	r3, .L9
 143 0002 1A68     		ldr	r2, [r3]
 144 0004 D368     		ldr	r3, [r2, #12]
 145 0006 23F00103 		bic	r3, r3, #1
 146 000a D360     		str	r3, [r2, #12]
 147 000c 7047     		bx	lr
 148              	.L10:
 149 000e 00BF     		.align	2
 150              	.L9:
 151 0010 00000000 		.word	htim1
 152              		.cfi_endproc
 153              	.LFE131:
 155              		.section	.text.HAL_ResumeTick,"ax",%progbits
 156              		.align	1
 157              		.global	HAL_ResumeTick
 158              		.syntax unified
 159              		.thumb
 160              		.thumb_func
 161              		.fpu fpv4-sp-d16
 163              	HAL_ResumeTick:
 164              	.LFB132:
  97:Core/Src/stm32f4xx_hal_timebase_tim.c **** }
  98:Core/Src/stm32f4xx_hal_timebase_tim.c **** 
  99:Core/Src/stm32f4xx_hal_timebase_tim.c **** /**
 100:Core/Src/stm32f4xx_hal_timebase_tim.c ****   * @brief  Resume Tick increment.
 101:Core/Src/stm32f4xx_hal_timebase_tim.c ****   * @note   Enable the tick increment by Enabling TIM1 update interrupt.
 102:Core/Src/stm32f4xx_hal_timebase_tim.c ****   * @param  None
 103:Core/Src/stm32f4xx_hal_timebase_tim.c ****   * @retval None
 104:Core/Src/stm32f4xx_hal_timebase_tim.c ****   */
 105:Core/Src/stm32f4xx_hal_timebase_tim.c **** void HAL_ResumeTick(void)
 106:Core/Src/stm32f4xx_hal_timebase_tim.c **** {
 165              		.loc 1 106 0
 166              		.cfi_startproc
 167              		@ args = 0, pretend = 0, frame = 0
 168              		@ frame_needed = 0, uses_anonymous_args = 0
 169              		@ link register save eliminated.
 107:Core/Src/stm32f4xx_hal_timebase_tim.c ****   /* Enable TIM1 Update interrupt */
 108:Core/Src/stm32f4xx_hal_timebase_tim.c ****   __HAL_TIM_ENABLE_IT(&htim1, TIM_IT_UPDATE);
 170              		.loc 1 108 0
 171 0000 034B     		ldr	r3, .L12
 172 0002 1A68     		ldr	r2, [r3]
 173 0004 D368     		ldr	r3, [r2, #12]
 174 0006 43F00103 		orr	r3, r3, #1
 175 000a D360     		str	r3, [r2, #12]
 176 000c 7047     		bx	lr
 177              	.L13:
 178 000e 00BF     		.align	2
 179              	.L12:
 180 0010 00000000 		.word	htim1
 181              		.cfi_endproc
ARM GAS  /tmp/ccFCom32.s 			page 6


 182              	.LFE132:
 184              		.comm	htim1,72,4
 185              		.text
 186              	.Letext0:
 187              		.file 2 "/usr/include/newlib/machine/_default_types.h"
 188              		.file 3 "/usr/include/newlib/sys/_stdint.h"
 189              		.file 4 "Drivers/CMSIS/Include/core_cm4.h"
 190              		.file 5 "Drivers/CMSIS/Device/ST/STM32F4xx/Include/system_stm32f4xx.h"
 191              		.file 6 "Drivers/CMSIS/Device/ST/STM32F4xx/Include/stm32f446xx.h"
 192              		.file 7 "Drivers/STM32F4xx_HAL_Driver/Inc/stm32f4xx_hal_def.h"
 193              		.file 8 "Drivers/STM32F4xx_HAL_Driver/Inc/stm32f4xx_hal_rcc.h"
 194              		.file 9 "Drivers/STM32F4xx_HAL_Driver/Inc/stm32f4xx_hal_dma.h"
 195              		.file 10 "Drivers/STM32F4xx_HAL_Driver/Inc/stm32f4xx_hal_tim.h"
 196              		.file 11 "Drivers/STM32F4xx_HAL_Driver/Inc/stm32f4xx_hal.h"
 197              		.file 12 "Drivers/STM32F4xx_HAL_Driver/Inc/stm32f4xx_hal_cortex.h"
ARM GAS  /tmp/ccFCom32.s 			page 7


DEFINED SYMBOLS
                            *ABS*:0000000000000000 stm32f4xx_hal_timebase_tim.c
     /tmp/ccFCom32.s:18     .text.HAL_InitTick:0000000000000000 $t
     /tmp/ccFCom32.s:25     .text.HAL_InitTick:0000000000000000 HAL_InitTick
     /tmp/ccFCom32.s:119    .text.HAL_InitTick:0000000000000068 $d
                            *COM*:0000000000000048 htim1
     /tmp/ccFCom32.s:127    .text.HAL_SuspendTick:0000000000000000 $t
     /tmp/ccFCom32.s:134    .text.HAL_SuspendTick:0000000000000000 HAL_SuspendTick
     /tmp/ccFCom32.s:151    .text.HAL_SuspendTick:0000000000000010 $d
     /tmp/ccFCom32.s:156    .text.HAL_ResumeTick:0000000000000000 $t
     /tmp/ccFCom32.s:163    .text.HAL_ResumeTick:0000000000000000 HAL_ResumeTick
     /tmp/ccFCom32.s:180    .text.HAL_ResumeTick:0000000000000010 $d
                     .debug_frame:0000000000000010 $d

UNDEFINED SYMBOLS
HAL_NVIC_SetPriority
HAL_NVIC_EnableIRQ
HAL_RCC_GetClockConfig
HAL_RCC_GetPCLK2Freq
HAL_TIM_Base_Init
HAL_TIM_Base_Start_IT
