ARM GAS  /tmp/cc3Q34YZ.s 			page 1


   1              		.cpu cortex-m4
   2              		.eabi_attribute 27, 1
   3              		.eabi_attribute 28, 1
   4              		.eabi_attribute 20, 1
   5              		.eabi_attribute 21, 1
   6              		.eabi_attribute 23, 3
   7              		.eabi_attribute 24, 1
   8              		.eabi_attribute 25, 1
   9              		.eabi_attribute 26, 1
  10              		.eabi_attribute 30, 1
  11              		.eabi_attribute 34, 1
  12              		.eabi_attribute 18, 4
  13              		.file	"stm32f4xx_hal_msp.c"
  14              		.text
  15              	.Ltext0:
  16              		.cfi_sections	.debug_frame
  17              		.section	.text.HAL_MspInit,"ax",%progbits
  18              		.align	1
  19              		.global	HAL_MspInit
  20              		.syntax unified
  21              		.thumb
  22              		.thumb_func
  23              		.fpu fpv4-sp-d16
  25              	HAL_MspInit:
  26              	.LFB130:
  27              		.file 1 "Core/Src/stm32f4xx_hal_msp.c"
   1:Core/Src/stm32f4xx_hal_msp.c **** /* USER CODE BEGIN Header */
   2:Core/Src/stm32f4xx_hal_msp.c **** /**
   3:Core/Src/stm32f4xx_hal_msp.c ****   ******************************************************************************
   4:Core/Src/stm32f4xx_hal_msp.c ****   * @file         stm32f4xx_hal_msp.c
   5:Core/Src/stm32f4xx_hal_msp.c ****   * @brief        This file provides code for the MSP Initialization
   6:Core/Src/stm32f4xx_hal_msp.c ****   *               and de-Initialization codes.
   7:Core/Src/stm32f4xx_hal_msp.c ****   ******************************************************************************
   8:Core/Src/stm32f4xx_hal_msp.c ****   * @attention
   9:Core/Src/stm32f4xx_hal_msp.c ****   *
  10:Core/Src/stm32f4xx_hal_msp.c ****   * <h2><center>&copy; Copyright (c) 2021 STMicroelectronics.
  11:Core/Src/stm32f4xx_hal_msp.c ****   * All rights reserved.</center></h2>
  12:Core/Src/stm32f4xx_hal_msp.c ****   *
  13:Core/Src/stm32f4xx_hal_msp.c ****   * This software component is licensed by ST under Ultimate Liberty license
  14:Core/Src/stm32f4xx_hal_msp.c ****   * SLA0044, the "License"; You may not use this file except in compliance with
  15:Core/Src/stm32f4xx_hal_msp.c ****   * the License. You may obtain a copy of the License at:
  16:Core/Src/stm32f4xx_hal_msp.c ****   *                             www.st.com/SLA0044
  17:Core/Src/stm32f4xx_hal_msp.c ****   *
  18:Core/Src/stm32f4xx_hal_msp.c ****   ******************************************************************************
  19:Core/Src/stm32f4xx_hal_msp.c ****   */
  20:Core/Src/stm32f4xx_hal_msp.c **** /* USER CODE END Header */
  21:Core/Src/stm32f4xx_hal_msp.c **** 
  22:Core/Src/stm32f4xx_hal_msp.c **** /* Includes ------------------------------------------------------------------*/
  23:Core/Src/stm32f4xx_hal_msp.c **** #include "main.h"
  24:Core/Src/stm32f4xx_hal_msp.c **** /* USER CODE BEGIN Includes */
  25:Core/Src/stm32f4xx_hal_msp.c **** 
  26:Core/Src/stm32f4xx_hal_msp.c **** /* USER CODE END Includes */
  27:Core/Src/stm32f4xx_hal_msp.c **** 
  28:Core/Src/stm32f4xx_hal_msp.c **** /* Private typedef -----------------------------------------------------------*/
  29:Core/Src/stm32f4xx_hal_msp.c **** /* USER CODE BEGIN TD */
  30:Core/Src/stm32f4xx_hal_msp.c **** 
  31:Core/Src/stm32f4xx_hal_msp.c **** /* USER CODE END TD */
ARM GAS  /tmp/cc3Q34YZ.s 			page 2


  32:Core/Src/stm32f4xx_hal_msp.c **** 
  33:Core/Src/stm32f4xx_hal_msp.c **** /* Private define ------------------------------------------------------------*/
  34:Core/Src/stm32f4xx_hal_msp.c **** /* USER CODE BEGIN Define */
  35:Core/Src/stm32f4xx_hal_msp.c **** 
  36:Core/Src/stm32f4xx_hal_msp.c **** /* USER CODE END Define */
  37:Core/Src/stm32f4xx_hal_msp.c **** 
  38:Core/Src/stm32f4xx_hal_msp.c **** /* Private macro -------------------------------------------------------------*/
  39:Core/Src/stm32f4xx_hal_msp.c **** /* USER CODE BEGIN Macro */
  40:Core/Src/stm32f4xx_hal_msp.c **** 
  41:Core/Src/stm32f4xx_hal_msp.c **** /* USER CODE END Macro */
  42:Core/Src/stm32f4xx_hal_msp.c **** 
  43:Core/Src/stm32f4xx_hal_msp.c **** /* Private variables ---------------------------------------------------------*/
  44:Core/Src/stm32f4xx_hal_msp.c **** /* USER CODE BEGIN PV */
  45:Core/Src/stm32f4xx_hal_msp.c **** 
  46:Core/Src/stm32f4xx_hal_msp.c **** /* USER CODE END PV */
  47:Core/Src/stm32f4xx_hal_msp.c **** 
  48:Core/Src/stm32f4xx_hal_msp.c **** /* Private function prototypes -----------------------------------------------*/
  49:Core/Src/stm32f4xx_hal_msp.c **** /* USER CODE BEGIN PFP */
  50:Core/Src/stm32f4xx_hal_msp.c **** 
  51:Core/Src/stm32f4xx_hal_msp.c **** /* USER CODE END PFP */
  52:Core/Src/stm32f4xx_hal_msp.c **** 
  53:Core/Src/stm32f4xx_hal_msp.c **** /* External functions --------------------------------------------------------*/
  54:Core/Src/stm32f4xx_hal_msp.c **** /* USER CODE BEGIN ExternalFunctions */
  55:Core/Src/stm32f4xx_hal_msp.c **** 
  56:Core/Src/stm32f4xx_hal_msp.c **** /* USER CODE END ExternalFunctions */
  57:Core/Src/stm32f4xx_hal_msp.c **** 
  58:Core/Src/stm32f4xx_hal_msp.c **** /* USER CODE BEGIN 0 */
  59:Core/Src/stm32f4xx_hal_msp.c **** 
  60:Core/Src/stm32f4xx_hal_msp.c **** /* USER CODE END 0 */
  61:Core/Src/stm32f4xx_hal_msp.c **** /**
  62:Core/Src/stm32f4xx_hal_msp.c ****   * Initializes the Global MSP.
  63:Core/Src/stm32f4xx_hal_msp.c ****   */
  64:Core/Src/stm32f4xx_hal_msp.c **** void HAL_MspInit(void)
  65:Core/Src/stm32f4xx_hal_msp.c **** {
  28              		.loc 1 65 0
  29              		.cfi_startproc
  30              		@ args = 0, pretend = 0, frame = 8
  31              		@ frame_needed = 0, uses_anonymous_args = 0
  32 0000 00B5     		push	{lr}
  33              	.LCFI0:
  34              		.cfi_def_cfa_offset 4
  35              		.cfi_offset 14, -4
  36 0002 83B0     		sub	sp, sp, #12
  37              	.LCFI1:
  38              		.cfi_def_cfa_offset 16
  39              	.LBB2:
  66:Core/Src/stm32f4xx_hal_msp.c ****   /* USER CODE BEGIN MspInit 0 */
  67:Core/Src/stm32f4xx_hal_msp.c **** 
  68:Core/Src/stm32f4xx_hal_msp.c ****   /* USER CODE END MspInit 0 */
  69:Core/Src/stm32f4xx_hal_msp.c **** 
  70:Core/Src/stm32f4xx_hal_msp.c ****   __HAL_RCC_SYSCFG_CLK_ENABLE();
  40              		.loc 1 70 0
  41 0004 0022     		movs	r2, #0
  42 0006 0092     		str	r2, [sp]
  43 0008 0D4B     		ldr	r3, .L3
  44 000a 596C     		ldr	r1, [r3, #68]
  45 000c 41F48041 		orr	r1, r1, #16384
ARM GAS  /tmp/cc3Q34YZ.s 			page 3


  46 0010 5964     		str	r1, [r3, #68]
  47 0012 596C     		ldr	r1, [r3, #68]
  48 0014 01F48041 		and	r1, r1, #16384
  49 0018 0091     		str	r1, [sp]
  50 001a 0099     		ldr	r1, [sp]
  51              	.LBE2:
  52              	.LBB3:
  71:Core/Src/stm32f4xx_hal_msp.c ****   __HAL_RCC_PWR_CLK_ENABLE();
  53              		.loc 1 71 0
  54 001c 0192     		str	r2, [sp, #4]
  55 001e 196C     		ldr	r1, [r3, #64]
  56 0020 41F08051 		orr	r1, r1, #268435456
  57 0024 1964     		str	r1, [r3, #64]
  58 0026 1B6C     		ldr	r3, [r3, #64]
  59 0028 03F08053 		and	r3, r3, #268435456
  60 002c 0193     		str	r3, [sp, #4]
  61 002e 019B     		ldr	r3, [sp, #4]
  62              	.LBE3:
  72:Core/Src/stm32f4xx_hal_msp.c **** 
  73:Core/Src/stm32f4xx_hal_msp.c ****   /* System interrupt init*/
  74:Core/Src/stm32f4xx_hal_msp.c ****   /* PendSV_IRQn interrupt configuration */
  75:Core/Src/stm32f4xx_hal_msp.c ****   HAL_NVIC_SetPriority(PendSV_IRQn, 15, 0);
  63              		.loc 1 75 0
  64 0030 0F21     		movs	r1, #15
  65 0032 6FF00100 		mvn	r0, #1
  66 0036 FFF7FEFF 		bl	HAL_NVIC_SetPriority
  67              	.LVL0:
  76:Core/Src/stm32f4xx_hal_msp.c **** 
  77:Core/Src/stm32f4xx_hal_msp.c ****   /* USER CODE BEGIN MspInit 1 */
  78:Core/Src/stm32f4xx_hal_msp.c **** 
  79:Core/Src/stm32f4xx_hal_msp.c ****   /* USER CODE END MspInit 1 */
  80:Core/Src/stm32f4xx_hal_msp.c **** }
  68              		.loc 1 80 0
  69 003a 03B0     		add	sp, sp, #12
  70              	.LCFI2:
  71              		.cfi_def_cfa_offset 4
  72              		@ sp needed
  73 003c 5DF804FB 		ldr	pc, [sp], #4
  74              	.L4:
  75              		.align	2
  76              	.L3:
  77 0040 00380240 		.word	1073887232
  78              		.cfi_endproc
  79              	.LFE130:
  81              		.section	.text.HAL_UART_MspInit,"ax",%progbits
  82              		.align	1
  83              		.global	HAL_UART_MspInit
  84              		.syntax unified
  85              		.thumb
  86              		.thumb_func
  87              		.fpu fpv4-sp-d16
  89              	HAL_UART_MspInit:
  90              	.LFB131:
  81:Core/Src/stm32f4xx_hal_msp.c **** 
  82:Core/Src/stm32f4xx_hal_msp.c **** /**
  83:Core/Src/stm32f4xx_hal_msp.c **** * @brief UART MSP Initialization
  84:Core/Src/stm32f4xx_hal_msp.c **** * This function configures the hardware resources used in this example
ARM GAS  /tmp/cc3Q34YZ.s 			page 4


  85:Core/Src/stm32f4xx_hal_msp.c **** * @param huart: UART handle pointer
  86:Core/Src/stm32f4xx_hal_msp.c **** * @retval None
  87:Core/Src/stm32f4xx_hal_msp.c **** */
  88:Core/Src/stm32f4xx_hal_msp.c **** void HAL_UART_MspInit(UART_HandleTypeDef* huart)
  89:Core/Src/stm32f4xx_hal_msp.c **** {
  91              		.loc 1 89 0
  92              		.cfi_startproc
  93              		@ args = 0, pretend = 0, frame = 32
  94              		@ frame_needed = 0, uses_anonymous_args = 0
  95              	.LVL1:
  96 0000 00B5     		push	{lr}
  97              	.LCFI3:
  98              		.cfi_def_cfa_offset 4
  99              		.cfi_offset 14, -4
 100 0002 89B0     		sub	sp, sp, #36
 101              	.LCFI4:
 102              		.cfi_def_cfa_offset 40
  90:Core/Src/stm32f4xx_hal_msp.c ****   GPIO_InitTypeDef GPIO_InitStruct = {0};
 103              		.loc 1 90 0
 104 0004 0023     		movs	r3, #0
 105 0006 0393     		str	r3, [sp, #12]
 106 0008 0493     		str	r3, [sp, #16]
 107 000a 0593     		str	r3, [sp, #20]
 108 000c 0693     		str	r3, [sp, #24]
 109 000e 0793     		str	r3, [sp, #28]
  91:Core/Src/stm32f4xx_hal_msp.c ****   if(huart->Instance==USART2)
 110              		.loc 1 91 0
 111 0010 0268     		ldr	r2, [r0]
 112 0012 154B     		ldr	r3, .L9
 113 0014 9A42     		cmp	r2, r3
 114 0016 02D0     		beq	.L8
 115              	.LVL2:
 116              	.L5:
  92:Core/Src/stm32f4xx_hal_msp.c ****   {
  93:Core/Src/stm32f4xx_hal_msp.c ****   /* USER CODE BEGIN USART2_MspInit 0 */
  94:Core/Src/stm32f4xx_hal_msp.c **** 
  95:Core/Src/stm32f4xx_hal_msp.c ****   /* USER CODE END USART2_MspInit 0 */
  96:Core/Src/stm32f4xx_hal_msp.c ****     /* Peripheral clock enable */
  97:Core/Src/stm32f4xx_hal_msp.c ****     __HAL_RCC_USART2_CLK_ENABLE();
  98:Core/Src/stm32f4xx_hal_msp.c **** 
  99:Core/Src/stm32f4xx_hal_msp.c ****     __HAL_RCC_GPIOA_CLK_ENABLE();
 100:Core/Src/stm32f4xx_hal_msp.c ****     /**USART2 GPIO Configuration
 101:Core/Src/stm32f4xx_hal_msp.c ****     PA2     ------> USART2_TX
 102:Core/Src/stm32f4xx_hal_msp.c ****     PA3     ------> USART2_RX
 103:Core/Src/stm32f4xx_hal_msp.c ****     */
 104:Core/Src/stm32f4xx_hal_msp.c ****     GPIO_InitStruct.Pin = GPIO_PIN_2|GPIO_PIN_3;
 105:Core/Src/stm32f4xx_hal_msp.c ****     GPIO_InitStruct.Mode = GPIO_MODE_AF_PP;
 106:Core/Src/stm32f4xx_hal_msp.c ****     GPIO_InitStruct.Pull = GPIO_NOPULL;
 107:Core/Src/stm32f4xx_hal_msp.c ****     GPIO_InitStruct.Speed = GPIO_SPEED_FREQ_VERY_HIGH;
 108:Core/Src/stm32f4xx_hal_msp.c ****     GPIO_InitStruct.Alternate = GPIO_AF7_USART2;
 109:Core/Src/stm32f4xx_hal_msp.c ****     HAL_GPIO_Init(GPIOA, &GPIO_InitStruct);
 110:Core/Src/stm32f4xx_hal_msp.c **** 
 111:Core/Src/stm32f4xx_hal_msp.c ****   /* USER CODE BEGIN USART2_MspInit 1 */
 112:Core/Src/stm32f4xx_hal_msp.c **** 
 113:Core/Src/stm32f4xx_hal_msp.c ****   /* USER CODE END USART2_MspInit 1 */
 114:Core/Src/stm32f4xx_hal_msp.c ****   }
 115:Core/Src/stm32f4xx_hal_msp.c **** 
ARM GAS  /tmp/cc3Q34YZ.s 			page 5


 116:Core/Src/stm32f4xx_hal_msp.c **** }
 117              		.loc 1 116 0
 118 0018 09B0     		add	sp, sp, #36
 119              	.LCFI5:
 120              		.cfi_remember_state
 121              		.cfi_def_cfa_offset 4
 122              		@ sp needed
 123 001a 5DF804FB 		ldr	pc, [sp], #4
 124              	.LVL3:
 125              	.L8:
 126              	.LCFI6:
 127              		.cfi_restore_state
 128              	.LBB4:
  97:Core/Src/stm32f4xx_hal_msp.c **** 
 129              		.loc 1 97 0
 130 001e 0021     		movs	r1, #0
 131 0020 0191     		str	r1, [sp, #4]
 132 0022 03F5FA33 		add	r3, r3, #128000
 133 0026 1A6C     		ldr	r2, [r3, #64]
 134 0028 42F40032 		orr	r2, r2, #131072
 135 002c 1A64     		str	r2, [r3, #64]
 136 002e 1A6C     		ldr	r2, [r3, #64]
 137 0030 02F40032 		and	r2, r2, #131072
 138 0034 0192     		str	r2, [sp, #4]
 139 0036 019A     		ldr	r2, [sp, #4]
 140              	.LBE4:
 141              	.LBB5:
  99:Core/Src/stm32f4xx_hal_msp.c ****     /**USART2 GPIO Configuration
 142              		.loc 1 99 0
 143 0038 0291     		str	r1, [sp, #8]
 144 003a 1A6B     		ldr	r2, [r3, #48]
 145 003c 42F00102 		orr	r2, r2, #1
 146 0040 1A63     		str	r2, [r3, #48]
 147 0042 1B6B     		ldr	r3, [r3, #48]
 148 0044 03F00103 		and	r3, r3, #1
 149 0048 0293     		str	r3, [sp, #8]
 150 004a 029B     		ldr	r3, [sp, #8]
 151              	.LBE5:
 104:Core/Src/stm32f4xx_hal_msp.c ****     GPIO_InitStruct.Mode = GPIO_MODE_AF_PP;
 152              		.loc 1 104 0
 153 004c 0C23     		movs	r3, #12
 154 004e 0393     		str	r3, [sp, #12]
 105:Core/Src/stm32f4xx_hal_msp.c ****     GPIO_InitStruct.Pull = GPIO_NOPULL;
 155              		.loc 1 105 0
 156 0050 0223     		movs	r3, #2
 157 0052 0493     		str	r3, [sp, #16]
 107:Core/Src/stm32f4xx_hal_msp.c ****     GPIO_InitStruct.Alternate = GPIO_AF7_USART2;
 158              		.loc 1 107 0
 159 0054 0323     		movs	r3, #3
 160 0056 0693     		str	r3, [sp, #24]
 108:Core/Src/stm32f4xx_hal_msp.c ****     HAL_GPIO_Init(GPIOA, &GPIO_InitStruct);
 161              		.loc 1 108 0
 162 0058 0723     		movs	r3, #7
 163 005a 0793     		str	r3, [sp, #28]
 109:Core/Src/stm32f4xx_hal_msp.c **** 
 164              		.loc 1 109 0
 165 005c 03A9     		add	r1, sp, #12
ARM GAS  /tmp/cc3Q34YZ.s 			page 6


 166 005e 0348     		ldr	r0, .L9+4
 167              	.LVL4:
 168 0060 FFF7FEFF 		bl	HAL_GPIO_Init
 169              	.LVL5:
 170              		.loc 1 116 0
 171 0064 D8E7     		b	.L5
 172              	.L10:
 173 0066 00BF     		.align	2
 174              	.L9:
 175 0068 00440040 		.word	1073759232
 176 006c 00000240 		.word	1073872896
 177              		.cfi_endproc
 178              	.LFE131:
 180              		.section	.text.HAL_UART_MspDeInit,"ax",%progbits
 181              		.align	1
 182              		.global	HAL_UART_MspDeInit
 183              		.syntax unified
 184              		.thumb
 185              		.thumb_func
 186              		.fpu fpv4-sp-d16
 188              	HAL_UART_MspDeInit:
 189              	.LFB132:
 117:Core/Src/stm32f4xx_hal_msp.c **** 
 118:Core/Src/stm32f4xx_hal_msp.c **** /**
 119:Core/Src/stm32f4xx_hal_msp.c **** * @brief UART MSP De-Initialization
 120:Core/Src/stm32f4xx_hal_msp.c **** * This function freeze the hardware resources used in this example
 121:Core/Src/stm32f4xx_hal_msp.c **** * @param huart: UART handle pointer
 122:Core/Src/stm32f4xx_hal_msp.c **** * @retval None
 123:Core/Src/stm32f4xx_hal_msp.c **** */
 124:Core/Src/stm32f4xx_hal_msp.c **** void HAL_UART_MspDeInit(UART_HandleTypeDef* huart)
 125:Core/Src/stm32f4xx_hal_msp.c **** {
 190              		.loc 1 125 0
 191              		.cfi_startproc
 192              		@ args = 0, pretend = 0, frame = 0
 193              		@ frame_needed = 0, uses_anonymous_args = 0
 194              	.LVL6:
 195 0000 08B5     		push	{r3, lr}
 196              	.LCFI7:
 197              		.cfi_def_cfa_offset 8
 198              		.cfi_offset 3, -8
 199              		.cfi_offset 14, -4
 126:Core/Src/stm32f4xx_hal_msp.c ****   if(huart->Instance==USART2)
 200              		.loc 1 126 0
 201 0002 0268     		ldr	r2, [r0]
 202 0004 064B     		ldr	r3, .L15
 203 0006 9A42     		cmp	r2, r3
 204 0008 00D0     		beq	.L14
 205              	.LVL7:
 206              	.L11:
 207 000a 08BD     		pop	{r3, pc}
 208              	.LVL8:
 209              	.L14:
 127:Core/Src/stm32f4xx_hal_msp.c ****   {
 128:Core/Src/stm32f4xx_hal_msp.c ****   /* USER CODE BEGIN USART2_MspDeInit 0 */
 129:Core/Src/stm32f4xx_hal_msp.c **** 
 130:Core/Src/stm32f4xx_hal_msp.c ****   /* USER CODE END USART2_MspDeInit 0 */
 131:Core/Src/stm32f4xx_hal_msp.c ****     /* Peripheral clock disable */
ARM GAS  /tmp/cc3Q34YZ.s 			page 7


 132:Core/Src/stm32f4xx_hal_msp.c ****     __HAL_RCC_USART2_CLK_DISABLE();
 210              		.loc 1 132 0
 211 000c 054A     		ldr	r2, .L15+4
 212 000e 136C     		ldr	r3, [r2, #64]
 213 0010 23F40033 		bic	r3, r3, #131072
 214 0014 1364     		str	r3, [r2, #64]
 133:Core/Src/stm32f4xx_hal_msp.c **** 
 134:Core/Src/stm32f4xx_hal_msp.c ****     /**USART2 GPIO Configuration
 135:Core/Src/stm32f4xx_hal_msp.c ****     PA2     ------> USART2_TX
 136:Core/Src/stm32f4xx_hal_msp.c ****     PA3     ------> USART2_RX
 137:Core/Src/stm32f4xx_hal_msp.c ****     */
 138:Core/Src/stm32f4xx_hal_msp.c ****     HAL_GPIO_DeInit(GPIOA, GPIO_PIN_2|GPIO_PIN_3);
 215              		.loc 1 138 0
 216 0016 0C21     		movs	r1, #12
 217 0018 0348     		ldr	r0, .L15+8
 218              	.LVL9:
 219 001a FFF7FEFF 		bl	HAL_GPIO_DeInit
 220              	.LVL10:
 139:Core/Src/stm32f4xx_hal_msp.c **** 
 140:Core/Src/stm32f4xx_hal_msp.c ****   /* USER CODE BEGIN USART2_MspDeInit 1 */
 141:Core/Src/stm32f4xx_hal_msp.c **** 
 142:Core/Src/stm32f4xx_hal_msp.c ****   /* USER CODE END USART2_MspDeInit 1 */
 143:Core/Src/stm32f4xx_hal_msp.c ****   }
 144:Core/Src/stm32f4xx_hal_msp.c **** 
 145:Core/Src/stm32f4xx_hal_msp.c **** }
 221              		.loc 1 145 0
 222 001e F4E7     		b	.L11
 223              	.L16:
 224              		.align	2
 225              	.L15:
 226 0020 00440040 		.word	1073759232
 227 0024 00380240 		.word	1073887232
 228 0028 00000240 		.word	1073872896
 229              		.cfi_endproc
 230              	.LFE132:
 232              		.text
 233              	.Letext0:
 234              		.file 2 "/usr/include/newlib/machine/_default_types.h"
 235              		.file 3 "/usr/include/newlib/sys/_stdint.h"
 236              		.file 4 "Drivers/CMSIS/Include/core_cm4.h"
 237              		.file 5 "Drivers/CMSIS/Device/ST/STM32F4xx/Include/system_stm32f4xx.h"
 238              		.file 6 "Drivers/CMSIS/Device/ST/STM32F4xx/Include/stm32f446xx.h"
 239              		.file 7 "Drivers/STM32F4xx_HAL_Driver/Inc/stm32f4xx_hal_def.h"
 240              		.file 8 "Drivers/STM32F4xx_HAL_Driver/Inc/stm32f4xx_hal_gpio.h"
 241              		.file 9 "Drivers/STM32F4xx_HAL_Driver/Inc/stm32f4xx_hal_dma.h"
 242              		.file 10 "Drivers/STM32F4xx_HAL_Driver/Inc/stm32f4xx_hal_uart.h"
 243              		.file 11 "Drivers/STM32F4xx_HAL_Driver/Inc/stm32f4xx_hal.h"
 244              		.file 12 "Drivers/STM32F4xx_HAL_Driver/Inc/stm32f4xx_hal_cortex.h"
ARM GAS  /tmp/cc3Q34YZ.s 			page 8


DEFINED SYMBOLS
                            *ABS*:0000000000000000 stm32f4xx_hal_msp.c
     /tmp/cc3Q34YZ.s:18     .text.HAL_MspInit:0000000000000000 $t
     /tmp/cc3Q34YZ.s:25     .text.HAL_MspInit:0000000000000000 HAL_MspInit
     /tmp/cc3Q34YZ.s:77     .text.HAL_MspInit:0000000000000040 $d
     /tmp/cc3Q34YZ.s:82     .text.HAL_UART_MspInit:0000000000000000 $t
     /tmp/cc3Q34YZ.s:89     .text.HAL_UART_MspInit:0000000000000000 HAL_UART_MspInit
     /tmp/cc3Q34YZ.s:175    .text.HAL_UART_MspInit:0000000000000068 $d
     /tmp/cc3Q34YZ.s:181    .text.HAL_UART_MspDeInit:0000000000000000 $t
     /tmp/cc3Q34YZ.s:188    .text.HAL_UART_MspDeInit:0000000000000000 HAL_UART_MspDeInit
     /tmp/cc3Q34YZ.s:226    .text.HAL_UART_MspDeInit:0000000000000020 $d
                     .debug_frame:0000000000000010 $d

UNDEFINED SYMBOLS
HAL_NVIC_SetPriority
HAL_GPIO_Init
HAL_GPIO_DeInit
